2023-09-26 11:54:42,296 INFO    StreamThr :4000 [internal.py:wandb_internal():86] W&B internal server running at pid: 4000, started at: 2023-09-26 11:54:42.289305
2023-09-26 11:54:42,298 DEBUG   HandlerThread:4000 [handler.py:handle_request():144] handle_request: status
2023-09-26 11:54:42,378 INFO    WriterThread:4000 [datastore.py:open_for_write():85] open: C:\Users\User\PycharmProjects\FL_AD\src\server\wandb\run-20230926_115442-h68x0lii\run-h68x0lii.wandb
2023-09-26 11:54:42,380 DEBUG   SenderThread:4000 [sender.py:send():380] send: header
2023-09-26 11:54:42,381 DEBUG   SenderThread:4000 [sender.py:send():380] send: run
2023-09-26 11:54:43,784 INFO    SenderThread:4000 [dir_watcher.py:__init__():211] watching files in: C:\Users\User\PycharmProjects\FL_AD\src\server\wandb\run-20230926_115442-h68x0lii\files
2023-09-26 11:54:43,784 INFO    SenderThread:4000 [sender.py:_start_run_threads():1122] run started: h68x0lii with start time 1695714882.332117
2023-09-26 11:54:43,823 DEBUG   HandlerThread:4000 [handler.py:handle_request():144] handle_request: check_version
2023-09-26 11:54:43,824 DEBUG   SenderThread:4000 [sender.py:send_request():407] send_request: check_version
2023-09-26 11:54:44,392 DEBUG   HandlerThread:4000 [handler.py:handle_request():144] handle_request: run_start
2023-09-26 11:54:44,443 DEBUG   HandlerThread:4000 [system_info.py:__init__():32] System info init
2023-09-26 11:54:44,443 DEBUG   HandlerThread:4000 [system_info.py:__init__():47] System info init done
2023-09-26 11:54:44,443 INFO    HandlerThread:4000 [system_monitor.py:start():181] Starting system monitor
2023-09-26 11:54:44,444 INFO    SystemMonitor:4000 [system_monitor.py:_start():145] Starting system asset monitoring threads
2023-09-26 11:54:44,444 INFO    HandlerThread:4000 [system_monitor.py:probe():201] Collecting system info
2023-09-26 11:54:44,450 INFO    SystemMonitor:4000 [interfaces.py:start():190] Started cpu monitoring
2023-09-26 11:54:44,452 INFO    SystemMonitor:4000 [interfaces.py:start():190] Started disk monitoring
2023-09-26 11:54:44,454 INFO    SystemMonitor:4000 [interfaces.py:start():190] Started gpu monitoring
2023-09-26 11:54:44,463 INFO    SystemMonitor:4000 [interfaces.py:start():190] Started memory monitoring
2023-09-26 11:54:44,479 INFO    SystemMonitor:4000 [interfaces.py:start():190] Started network monitoring
2023-09-26 11:54:44,494 DEBUG   HandlerThread:4000 [system_info.py:probe():196] Probing system
2023-09-26 11:54:44,495 DEBUG   HandlerThread:4000 [system_info.py:probe():244] Probing system done
2023-09-26 11:54:44,495 DEBUG   HandlerThread:4000 [system_monitor.py:probe():210] {'os': 'Windows-10-10.0.19045-SP0', 'python': '3.10.13', 'heartbeatAt': '2023-09-26T07:54:44.494667', 'startedAt': '2023-09-26T07:54:42.218583', 'docker': None, 'cuda': None, 'args': ('-d', 'ucf', '-m', 'c2fpl', '--global_testset', '1', '-bs', '128', '--global_epoch', '100', '--test_gap', '100', '--local_epoch', '5', '--partition', 'partition_25.pkl'), 'state': 'running', 'program': 'C:\\Users\\User\\PycharmProjects\\FL_AD\\src\\server\\fedavg.py', 'codePathLocal': 'fedavg.py', 'codePath': 'fedavg.py', 'host': 'DESKTOP-B1GU9KD', 'username': 'User', 'executable': 'C:\\Users\\User\\.conda\\envs\\Federate_learning_project\\python.exe', 'cpu_count': 10, 'cpu_count_logical': 20, 'cpu_freq': {'current': 2394.0, 'min': 0.0, 'max': 2394.0}, 'cpu_freq_per_core': [{'current': 2394.0, 'min': 0.0, 'max': 2394.0}], 'disk': {'/': {'total': 1862.4036293029785, 'used': 1239.5549545288086}}, 'gpu': 'NVIDIA RTX A6000', 'gpu_count': 1, 'gpu_devices': [{'name': 'NVIDIA RTX A6000', 'memory_total': 51527024640}], 'memory': {'total': 127.65470504760742}}
2023-09-26 11:54:44,495 INFO    HandlerThread:4000 [system_monitor.py:probe():211] Finished collecting system info
2023-09-26 11:54:44,495 INFO    HandlerThread:4000 [system_monitor.py:probe():214] Publishing system info
2023-09-26 11:54:44,495 DEBUG   HandlerThread:4000 [system_info.py:_save_pip():52] Saving list of pip packages installed into the current environment
2023-09-26 11:54:44,497 DEBUG   HandlerThread:4000 [system_info.py:_save_pip():68] Saving pip packages done
2023-09-26 11:54:44,497 DEBUG   HandlerThread:4000 [system_info.py:_save_conda():75] Saving list of conda packages installed into the current environment
2023-09-26 11:54:44,801 INFO    Thread-12 :4000 [dir_watcher.py:_on_file_created():271] file/dir created: C:\Users\User\PycharmProjects\FL_AD\src\server\wandb\run-20230926_115442-h68x0lii\files\conda-environment.yaml
2023-09-26 11:54:44,801 INFO    Thread-12 :4000 [dir_watcher.py:_on_file_created():271] file/dir created: C:\Users\User\PycharmProjects\FL_AD\src\server\wandb\run-20230926_115442-h68x0lii\files\requirements.txt
2023-09-26 11:54:58,833 DEBUG   HandlerThread:4000 [system_info.py:_save_conda():87] Saving conda packages done
2023-09-26 11:54:58,835 INFO    HandlerThread:4000 [system_monitor.py:probe():216] Finished publishing system info
2023-09-26 11:54:58,846 DEBUG   HandlerThread:4000 [handler.py:handle_request():144] handle_request: status_report
2023-09-26 11:54:58,847 DEBUG   HandlerThread:4000 [handler.py:handle_request():144] handle_request: keepalive
2023-09-26 11:54:58,847 DEBUG   HandlerThread:4000 [handler.py:handle_request():144] handle_request: status_report
2023-09-26 11:54:58,848 DEBUG   HandlerThread:4000 [handler.py:handle_request():144] handle_request: keepalive
2023-09-26 11:54:58,848 DEBUG   HandlerThread:4000 [handler.py:handle_request():144] handle_request: status_report
2023-09-26 11:54:58,849 DEBUG   SenderThread:4000 [sender.py:send():380] send: files
2023-09-26 11:54:58,849 INFO    SenderThread:4000 [sender.py:_save_file():1378] saving file wandb-metadata.json with policy now
2023-09-26 11:54:58,873 DEBUG   HandlerThread:4000 [handler.py:handle_request():144] handle_request: stop_status
2023-09-26 11:54:58,874 DEBUG   SenderThread:4000 [sender.py:send_request():407] send_request: stop_status
2023-09-26 11:54:58,878 DEBUG   HandlerThread:4000 [handler.py:handle_request():144] handle_request: internal_messages
2023-09-26 11:54:58,919 INFO    Thread-12 :4000 [dir_watcher.py:_on_file_modified():288] file/dir modified: C:\Users\User\PycharmProjects\FL_AD\src\server\wandb\run-20230926_115442-h68x0lii\files\conda-environment.yaml
2023-09-26 11:54:58,920 INFO    Thread-12 :4000 [dir_watcher.py:_on_file_created():271] file/dir created: C:\Users\User\PycharmProjects\FL_AD\src\server\wandb\run-20230926_115442-h68x0lii\files\wandb-metadata.json
2023-09-26 11:54:59,204 DEBUG   SenderThread:4000 [sender.py:send():380] send: telemetry
2023-09-26 11:55:00,755 INFO    wandb-upload_0:4000 [upload_job.py:push():131] Uploaded file C:\Users\User\AppData\Local\Temp\tmpp17370jvwandb\cyuzewoi-wandb-metadata.json
2023-09-26 11:55:03,236 DEBUG   HandlerThread:4000 [handler.py:handle_request():144] handle_request: status_report
2023-09-26 11:55:08,309 DEBUG   HandlerThread:4000 [handler.py:handle_request():144] handle_request: status_report
2023-09-26 11:55:13,382 DEBUG   HandlerThread:4000 [handler.py:handle_request():144] handle_request: status_report
2023-09-26 11:55:13,876 DEBUG   HandlerThread:4000 [handler.py:handle_request():144] handle_request: internal_messages
2023-09-26 11:55:13,892 DEBUG   HandlerThread:4000 [handler.py:handle_request():144] handle_request: stop_status
2023-09-26 11:55:13,893 DEBUG   SenderThread:4000 [sender.py:send_request():407] send_request: stop_status
2023-09-26 11:55:14,097 INFO    Thread-12 :4000 [dir_watcher.py:_on_file_modified():288] file/dir modified: C:\Users\User\PycharmProjects\FL_AD\src\server\wandb\run-20230926_115442-h68x0lii\files\config.yaml
2023-09-26 11:55:16,700 DEBUG   HandlerThread:4000 [handler.py:handle_request():144] handle_request: partial_history
2023-09-26 11:55:16,703 DEBUG   SenderThread:4000 [sender.py:send():380] send: history
2023-09-26 11:55:16,704 DEBUG   SenderThread:4000 [sender.py:send_request():407] send_request: summary_record
2023-09-26 11:55:16,715 INFO    SenderThread:4000 [sender.py:_save_file():1378] saving file wandb-summary.json with policy end
2023-09-26 11:55:17,136 INFO    Thread-12 :4000 [dir_watcher.py:_on_file_created():271] file/dir created: C:\Users\User\PycharmProjects\FL_AD\src\server\wandb\run-20230926_115442-h68x0lii\files\wandb-summary.json
2023-09-26 11:55:19,737 DEBUG   HandlerThread:4000 [handler.py:handle_request():144] handle_request: status_report
2023-09-26 11:55:21,429 DEBUG   HandlerThread:4000 [handler.py:handle_request():144] handle_request: partial_history
2023-09-26 11:55:21,430 DEBUG   SenderThread:4000 [sender.py:send():380] send: history
2023-09-26 11:55:21,431 DEBUG   SenderThread:4000 [sender.py:send_request():407] send_request: summary_record
2023-09-26 11:55:21,434 INFO    SenderThread:4000 [sender.py:_save_file():1378] saving file wandb-summary.json with policy end
2023-09-26 11:55:22,199 INFO    Thread-12 :4000 [dir_watcher.py:_on_file_modified():288] file/dir modified: C:\Users\User\PycharmProjects\FL_AD\src\server\wandb\run-20230926_115442-h68x0lii\files\wandb-summary.json
2023-09-26 11:55:25,441 DEBUG   HandlerThread:4000 [handler.py:handle_request():144] handle_request: status_report
2023-09-26 11:55:26,170 DEBUG   HandlerThread:4000 [handler.py:handle_request():144] handle_request: partial_history
2023-09-26 11:55:26,172 DEBUG   SenderThread:4000 [sender.py:send():380] send: history
2023-09-26 11:55:26,172 DEBUG   SenderThread:4000 [sender.py:send_request():407] send_request: summary_record
2023-09-26 11:55:26,176 INFO    SenderThread:4000 [sender.py:_save_file():1378] saving file wandb-summary.json with policy end
2023-09-26 11:55:26,238 INFO    Thread-12 :4000 [dir_watcher.py:_on_file_modified():288] file/dir modified: C:\Users\User\PycharmProjects\FL_AD\src\server\wandb\run-20230926_115442-h68x0lii\files\wandb-summary.json
2023-09-26 11:55:28,880 DEBUG   HandlerThread:4000 [handler.py:handle_request():144] handle_request: internal_messages
2023-09-26 11:55:28,896 DEBUG   HandlerThread:4000 [handler.py:handle_request():144] handle_request: stop_status
2023-09-26 11:55:28,897 DEBUG   SenderThread:4000 [sender.py:send_request():407] send_request: stop_status
2023-09-26 11:55:30,992 DEBUG   HandlerThread:4000 [handler.py:handle_request():144] handle_request: partial_history
2023-09-26 11:55:30,994 DEBUG   SenderThread:4000 [sender.py:send():380] send: history
2023-09-26 11:55:30,994 DEBUG   SenderThread:4000 [sender.py:send_request():407] send_request: summary_record
2023-09-26 11:55:30,997 DEBUG   HandlerThread:4000 [handler.py:handle_request():144] handle_request: status_report
2023-09-26 11:55:30,999 INFO    SenderThread:4000 [sender.py:_save_file():1378] saving file wandb-summary.json with policy end
2023-09-26 11:55:31,264 INFO    Thread-12 :4000 [dir_watcher.py:_on_file_modified():288] file/dir modified: C:\Users\User\PycharmProjects\FL_AD\src\server\wandb\run-20230926_115442-h68x0lii\files\wandb-summary.json
2023-09-26 11:55:35,762 DEBUG   HandlerThread:4000 [handler.py:handle_request():144] handle_request: partial_history
2023-09-26 11:55:35,763 DEBUG   SenderThread:4000 [sender.py:send():380] send: history
2023-09-26 11:55:35,764 DEBUG   SenderThread:4000 [sender.py:send_request():407] send_request: summary_record
2023-09-26 11:55:35,768 INFO    SenderThread:4000 [sender.py:_save_file():1378] saving file wandb-summary.json with policy end
2023-09-26 11:55:36,301 INFO    Thread-12 :4000 [dir_watcher.py:_on_file_modified():288] file/dir modified: C:\Users\User\PycharmProjects\FL_AD\src\server\wandb\run-20230926_115442-h68x0lii\files\wandb-summary.json
2023-09-26 11:55:36,777 DEBUG   HandlerThread:4000 [handler.py:handle_request():144] handle_request: status_report
2023-09-26 11:55:41,789 DEBUG   HandlerThread:4000 [handler.py:handle_request():144] handle_request: status_report
2023-09-26 11:55:43,892 DEBUG   HandlerThread:4000 [handler.py:handle_request():144] handle_request: internal_messages
2023-09-26 11:55:43,893 DEBUG   HandlerThread:4000 [handler.py:handle_request():144] handle_request: stop_status
2023-09-26 11:55:43,894 DEBUG   SenderThread:4000 [sender.py:send_request():407] send_request: stop_status
2023-09-26 11:55:44,494 DEBUG   SystemMonitor:4000 [system_monitor.py:_start():159] Starting system metrics aggregation loop
2023-09-26 11:55:44,497 DEBUG   SenderThread:4000 [sender.py:send():380] send: stats
2023-09-26 11:55:47,516 DEBUG   HandlerThread:4000 [handler.py:handle_request():144] handle_request: status_report
2023-09-26 11:55:52,528 DEBUG   HandlerThread:4000 [handler.py:handle_request():144] handle_request: status_report
2023-09-26 11:55:57,474 DEBUG   HandlerThread:4000 [handler.py:handle_request():144] handle_request: partial_history
2023-09-26 11:55:57,476 DEBUG   SenderThread:4000 [sender.py:send():380] send: history
2023-09-26 11:55:57,477 DEBUG   SenderThread:4000 [sender.py:send_request():407] send_request: summary_record
2023-09-26 11:55:57,478 INFO    SenderThread:4000 [sender.py:_save_file():1378] saving file wandb-summary.json with policy end
2023-09-26 11:55:58,461 INFO    Thread-12 :4000 [dir_watcher.py:_on_file_modified():288] file/dir modified: C:\Users\User\PycharmProjects\FL_AD\src\server\wandb\run-20230926_115442-h68x0lii\files\wandb-summary.json
2023-09-26 11:55:58,491 DEBUG   HandlerThread:4000 [handler.py:handle_request():144] handle_request: status_report
2023-09-26 11:55:58,904 DEBUG   HandlerThread:4000 [handler.py:handle_request():144] handle_request: stop_status
2023-09-26 11:55:58,906 DEBUG   HandlerThread:4000 [handler.py:handle_request():144] handle_request: internal_messages
2023-09-26 11:55:58,906 DEBUG   SenderThread:4000 [sender.py:send_request():407] send_request: stop_status
2023-09-26 11:56:02,292 DEBUG   HandlerThread:4000 [handler.py:handle_request():144] handle_request: partial_history
2023-09-26 11:56:02,294 DEBUG   SenderThread:4000 [sender.py:send():380] send: history
2023-09-26 11:56:02,294 DEBUG   SenderThread:4000 [sender.py:send_request():407] send_request: summary_record
2023-09-26 11:56:02,296 INFO    SenderThread:4000 [sender.py:_save_file():1378] saving file wandb-summary.json with policy end
2023-09-26 11:56:02,506 INFO    Thread-12 :4000 [dir_watcher.py:_on_file_modified():288] file/dir modified: C:\Users\User\PycharmProjects\FL_AD\src\server\wandb\run-20230926_115442-h68x0lii\files\wandb-summary.json
2023-09-26 11:56:04,302 DEBUG   HandlerThread:4000 [handler.py:handle_request():144] handle_request: status_report
2023-09-26 11:56:07,140 DEBUG   HandlerThread:4000 [handler.py:handle_request():144] handle_request: partial_history
2023-09-26 11:56:07,142 DEBUG   SenderThread:4000 [sender.py:send():380] send: history
2023-09-26 11:56:07,143 DEBUG   SenderThread:4000 [sender.py:send_request():407] send_request: summary_record
2023-09-26 11:56:07,146 INFO    SenderThread:4000 [sender.py:_save_file():1378] saving file wandb-summary.json with policy end
2023-09-26 11:56:07,553 INFO    Thread-12 :4000 [dir_watcher.py:_on_file_modified():288] file/dir modified: C:\Users\User\PycharmProjects\FL_AD\src\server\wandb\run-20230926_115442-h68x0lii\files\wandb-summary.json
2023-09-26 11:56:10,153 DEBUG   HandlerThread:4000 [handler.py:handle_request():144] handle_request: status_report
2023-09-26 11:56:12,076 DEBUG   HandlerThread:4000 [handler.py:handle_request():144] handle_request: partial_history
2023-09-26 11:56:12,078 DEBUG   SenderThread:4000 [sender.py:send():380] send: history
2023-09-26 11:56:12,078 DEBUG   SenderThread:4000 [sender.py:send_request():407] send_request: summary_record
2023-09-26 11:56:12,080 INFO    SenderThread:4000 [sender.py:_save_file():1378] saving file wandb-summary.json with policy end
2023-09-26 11:56:12,600 INFO    Thread-12 :4000 [dir_watcher.py:_on_file_modified():288] file/dir modified: C:\Users\User\PycharmProjects\FL_AD\src\server\wandb\run-20230926_115442-h68x0lii\files\wandb-summary.json
2023-09-26 11:56:13,920 DEBUG   HandlerThread:4000 [handler.py:handle_request():144] handle_request: stop_status
2023-09-26 11:56:13,920 DEBUG   HandlerThread:4000 [handler.py:handle_request():144] handle_request: internal_messages
2023-09-26 11:56:13,921 DEBUG   SenderThread:4000 [sender.py:send_request():407] send_request: stop_status
2023-09-26 11:56:14,507 DEBUG   SenderThread:4000 [sender.py:send():380] send: stats
2023-09-26 11:56:15,524 DEBUG   HandlerThread:4000 [handler.py:handle_request():144] handle_request: status_report
2023-09-26 11:56:16,760 DEBUG   HandlerThread:4000 [handler.py:handle_request():144] handle_request: partial_history
2023-09-26 11:56:16,762 DEBUG   SenderThread:4000 [sender.py:send():380] send: history
2023-09-26 11:56:16,762 DEBUG   SenderThread:4000 [sender.py:send_request():407] send_request: summary_record
2023-09-26 11:56:16,764 INFO    SenderThread:4000 [sender.py:_save_file():1378] saving file wandb-summary.json with policy end
2023-09-26 11:56:17,641 INFO    Thread-12 :4000 [dir_watcher.py:_on_file_modified():288] file/dir modified: C:\Users\User\PycharmProjects\FL_AD\src\server\wandb\run-20230926_115442-h68x0lii\files\wandb-summary.json
2023-09-26 11:56:20,774 DEBUG   HandlerThread:4000 [handler.py:handle_request():144] handle_request: status_report
2023-09-26 11:56:25,791 DEBUG   HandlerThread:4000 [handler.py:handle_request():144] handle_request: status_report
2023-09-26 11:56:28,929 DEBUG   HandlerThread:4000 [handler.py:handle_request():144] handle_request: stop_status
2023-09-26 11:56:28,930 DEBUG   HandlerThread:4000 [handler.py:handle_request():144] handle_request: internal_messages
2023-09-26 11:56:28,931 DEBUG   SenderThread:4000 [sender.py:send_request():407] send_request: stop_status
2023-09-26 11:56:31,375 DEBUG   HandlerThread:4000 [handler.py:handle_request():144] handle_request: status_report
2023-09-26 11:56:36,407 DEBUG   HandlerThread:4000 [handler.py:handle_request():144] handle_request: status_report
2023-09-26 11:56:41,456 DEBUG   HandlerThread:4000 [handler.py:handle_request():144] handle_request: status_report
2023-09-26 11:56:43,929 DEBUG   HandlerThread:4000 [handler.py:handle_request():144] handle_request: internal_messages
2023-09-26 11:56:43,930 DEBUG   HandlerThread:4000 [handler.py:handle_request():144] handle_request: stop_status
2023-09-26 11:56:43,931 DEBUG   SenderThread:4000 [sender.py:send_request():407] send_request: stop_status
2023-09-26 11:56:44,512 DEBUG   SenderThread:4000 [sender.py:send():380] send: stats
2023-09-26 11:56:44,538 DEBUG   HandlerThread:4000 [handler.py:handle_request():144] handle_request: partial_history
2023-09-26 11:56:44,540 DEBUG   SenderThread:4000 [sender.py:send():380] send: history
2023-09-26 11:56:44,540 DEBUG   SenderThread:4000 [sender.py:send_request():407] send_request: summary_record
2023-09-26 11:56:44,542 INFO    SenderThread:4000 [sender.py:_save_file():1378] saving file wandb-summary.json with policy end
2023-09-26 11:56:44,780 INFO    Thread-12 :4000 [dir_watcher.py:_on_file_modified():288] file/dir modified: C:\Users\User\PycharmProjects\FL_AD\src\server\wandb\run-20230926_115442-h68x0lii\files\wandb-summary.json
2023-09-26 11:56:46,560 DEBUG   HandlerThread:4000 [handler.py:handle_request():144] handle_request: status_report
2023-09-26 11:56:51,591 DEBUG   HandlerThread:4000 [handler.py:handle_request():144] handle_request: status_report
2023-09-26 11:56:54,033 DEBUG   HandlerThread:4000 [handler.py:handle_request():144] handle_request: partial_history
2023-09-26 11:56:54,035 DEBUG   SenderThread:4000 [sender.py:send():380] send: history
2023-09-26 11:56:54,035 DEBUG   SenderThread:4000 [sender.py:send_request():407] send_request: summary_record
2023-09-26 11:56:54,037 INFO    SenderThread:4000 [sender.py:_save_file():1378] saving file wandb-summary.json with policy end
2023-09-26 11:56:54,857 INFO    Thread-12 :4000 [dir_watcher.py:_on_file_modified():288] file/dir modified: C:\Users\User\PycharmProjects\FL_AD\src\server\wandb\run-20230926_115442-h68x0lii\files\wandb-summary.json
2023-09-26 11:56:57,068 DEBUG   HandlerThread:4000 [handler.py:handle_request():144] handle_request: status_report
2023-09-26 11:56:58,927 DEBUG   HandlerThread:4000 [handler.py:handle_request():144] handle_request: internal_messages
2023-09-26 11:56:58,943 DEBUG   HandlerThread:4000 [handler.py:handle_request():144] handle_request: stop_status
2023-09-26 11:56:58,944 DEBUG   SenderThread:4000 [sender.py:send_request():407] send_request: stop_status
2023-09-26 11:57:02,380 DEBUG   HandlerThread:4000 [handler.py:handle_request():144] handle_request: status_report
2023-09-26 11:57:03,702 DEBUG   HandlerThread:4000 [handler.py:handle_request():144] handle_request: partial_history
2023-09-26 11:57:03,703 DEBUG   SenderThread:4000 [sender.py:send():380] send: history
2023-09-26 11:57:03,703 DEBUG   SenderThread:4000 [sender.py:send_request():407] send_request: summary_record
2023-09-26 11:57:03,707 INFO    SenderThread:4000 [sender.py:_save_file():1378] saving file wandb-summary.json with policy end
2023-09-26 11:57:03,949 INFO    Thread-12 :4000 [dir_watcher.py:_on_file_modified():288] file/dir modified: C:\Users\User\PycharmProjects\FL_AD\src\server\wandb\run-20230926_115442-h68x0lii\files\wandb-summary.json
2023-09-26 11:57:07,751 DEBUG   HandlerThread:4000 [handler.py:handle_request():144] handle_request: status_report
2023-09-26 11:57:12,797 DEBUG   HandlerThread:4000 [handler.py:handle_request():144] handle_request: status_report
2023-09-26 11:57:13,794 DEBUG   HandlerThread:4000 [handler.py:handle_request():144] handle_request: partial_history
2023-09-26 11:57:13,795 DEBUG   SenderThread:4000 [sender.py:send():380] send: history
2023-09-26 11:57:13,796 DEBUG   SenderThread:4000 [sender.py:send_request():407] send_request: summary_record
2023-09-26 11:57:13,799 INFO    SenderThread:4000 [sender.py:_save_file():1378] saving file wandb-summary.json with policy end
2023-09-26 11:57:13,938 DEBUG   HandlerThread:4000 [handler.py:handle_request():144] handle_request: internal_messages
2023-09-26 11:57:13,969 DEBUG   HandlerThread:4000 [handler.py:handle_request():144] handle_request: stop_status
2023-09-26 11:57:13,970 DEBUG   SenderThread:4000 [sender.py:send_request():407] send_request: stop_status
2023-09-26 11:57:14,083 INFO    Thread-12 :4000 [dir_watcher.py:_on_file_modified():288] file/dir modified: C:\Users\User\PycharmProjects\FL_AD\src\server\wandb\run-20230926_115442-h68x0lii\files\wandb-summary.json
2023-09-26 11:57:14,526 DEBUG   SenderThread:4000 [sender.py:send():380] send: stats
2023-09-26 11:57:18,554 DEBUG   HandlerThread:4000 [handler.py:handle_request():144] handle_request: status_report
2023-09-26 11:57:23,605 DEBUG   HandlerThread:4000 [handler.py:handle_request():144] handle_request: status_report
2023-09-26 11:57:23,949 DEBUG   HandlerThread:4000 [handler.py:handle_request():144] handle_request: partial_history
2023-09-26 11:57:23,950 DEBUG   SenderThread:4000 [sender.py:send():380] send: history
2023-09-26 11:57:23,951 DEBUG   SenderThread:4000 [sender.py:send_request():407] send_request: summary_record
2023-09-26 11:57:23,954 INFO    SenderThread:4000 [sender.py:_save_file():1378] saving file wandb-summary.json with policy end
2023-09-26 11:57:24,206 INFO    Thread-12 :4000 [dir_watcher.py:_on_file_modified():288] file/dir modified: C:\Users\User\PycharmProjects\FL_AD\src\server\wandb\run-20230926_115442-h68x0lii\files\wandb-summary.json
2023-09-26 11:57:28,945 DEBUG   HandlerThread:4000 [handler.py:handle_request():144] handle_request: internal_messages
2023-09-26 11:57:28,962 DEBUG   HandlerThread:4000 [handler.py:handle_request():144] handle_request: stop_status
2023-09-26 11:57:28,963 DEBUG   HandlerThread:4000 [handler.py:handle_request():144] handle_request: status_report
2023-09-26 11:57:28,964 DEBUG   SenderThread:4000 [sender.py:send_request():407] send_request: stop_status
2023-09-26 11:57:34,459 DEBUG   HandlerThread:4000 [handler.py:handle_request():144] handle_request: status_report
2023-09-26 11:57:39,515 DEBUG   HandlerThread:4000 [handler.py:handle_request():144] handle_request: status_report
2023-09-26 11:57:43,942 DEBUG   HandlerThread:4000 [handler.py:handle_request():144] handle_request: internal_messages
2023-09-26 11:57:43,953 DEBUG   HandlerThread:4000 [handler.py:handle_request():144] handle_request: stop_status
2023-09-26 11:57:43,954 DEBUG   SenderThread:4000 [sender.py:send_request():407] send_request: stop_status
2023-09-26 11:57:44,527 DEBUG   SenderThread:4000 [sender.py:send():380] send: stats
2023-09-26 11:57:44,528 DEBUG   HandlerThread:4000 [handler.py:handle_request():144] handle_request: status_report
2023-09-26 11:57:45,215 DEBUG   HandlerThread:4000 [handler.py:handle_request():144] handle_request: partial_history
2023-09-26 11:57:45,217 DEBUG   SenderThread:4000 [sender.py:send():380] send: history
2023-09-26 11:57:45,217 DEBUG   SenderThread:4000 [sender.py:send_request():407] send_request: summary_record
2023-09-26 11:57:45,219 INFO    SenderThread:4000 [sender.py:_save_file():1378] saving file wandb-summary.json with policy end
2023-09-26 11:57:45,367 INFO    Thread-12 :4000 [dir_watcher.py:_on_file_modified():288] file/dir modified: C:\Users\User\PycharmProjects\FL_AD\src\server\wandb\run-20230926_115442-h68x0lii\files\wandb-summary.json
2023-09-26 11:57:49,203 DEBUG   HandlerThread:4000 [handler.py:handle_request():144] handle_request: partial_history
2023-09-26 11:57:49,205 DEBUG   SenderThread:4000 [sender.py:send():380] send: history
2023-09-26 11:57:49,205 DEBUG   SenderThread:4000 [sender.py:send_request():407] send_request: summary_record
2023-09-26 11:57:49,207 INFO    SenderThread:4000 [sender.py:_save_file():1378] saving file wandb-summary.json with policy end
2023-09-26 11:57:49,380 INFO    Thread-12 :4000 [dir_watcher.py:_on_file_modified():288] file/dir modified: C:\Users\User\PycharmProjects\FL_AD\src\server\wandb\run-20230926_115442-h68x0lii\files\wandb-summary.json
2023-09-26 11:57:50,223 DEBUG   HandlerThread:4000 [handler.py:handle_request():144] handle_request: status_report
2023-09-26 11:57:53,315 DEBUG   HandlerThread:4000 [handler.py:handle_request():144] handle_request: partial_history
2023-09-26 11:57:53,316 DEBUG   SenderThread:4000 [sender.py:send():380] send: history
2023-09-26 11:57:53,316 DEBUG   SenderThread:4000 [sender.py:send_request():407] send_request: summary_record
2023-09-26 11:57:53,318 INFO    SenderThread:4000 [sender.py:_save_file():1378] saving file wandb-summary.json with policy end
2023-09-26 11:57:53,390 INFO    Thread-12 :4000 [dir_watcher.py:_on_file_modified():288] file/dir modified: C:\Users\User\PycharmProjects\FL_AD\src\server\wandb\run-20230926_115442-h68x0lii\files\wandb-summary.json
2023-09-26 11:57:55,332 DEBUG   HandlerThread:4000 [handler.py:handle_request():144] handle_request: status_report
2023-09-26 11:57:57,349 DEBUG   HandlerThread:4000 [handler.py:handle_request():144] handle_request: partial_history
2023-09-26 11:57:57,350 DEBUG   SenderThread:4000 [sender.py:send():380] send: history
2023-09-26 11:57:57,351 DEBUG   SenderThread:4000 [sender.py:send_request():407] send_request: summary_record
2023-09-26 11:57:57,354 INFO    SenderThread:4000 [sender.py:_save_file():1378] saving file wandb-summary.json with policy end
2023-09-26 11:57:57,403 INFO    Thread-12 :4000 [dir_watcher.py:_on_file_modified():288] file/dir modified: C:\Users\User\PycharmProjects\FL_AD\src\server\wandb\run-20230926_115442-h68x0lii\files\wandb-summary.json
2023-09-26 11:57:58,946 DEBUG   HandlerThread:4000 [handler.py:handle_request():144] handle_request: internal_messages
2023-09-26 11:57:58,963 DEBUG   HandlerThread:4000 [handler.py:handle_request():144] handle_request: stop_status
2023-09-26 11:57:58,964 DEBUG   SenderThread:4000 [sender.py:send_request():407] send_request: stop_status
2023-09-26 11:58:00,345 DEBUG   HandlerThread:4000 [handler.py:handle_request():144] handle_request: status_report
2023-09-26 11:58:01,382 DEBUG   HandlerThread:4000 [handler.py:handle_request():144] handle_request: partial_history
2023-09-26 11:58:01,384 DEBUG   SenderThread:4000 [sender.py:send():380] send: history
2023-09-26 11:58:01,384 DEBUG   SenderThread:4000 [sender.py:send_request():407] send_request: summary_record
2023-09-26 11:58:01,385 INFO    SenderThread:4000 [sender.py:_save_file():1378] saving file wandb-summary.json with policy end
2023-09-26 11:58:01,414 INFO    Thread-12 :4000 [dir_watcher.py:_on_file_modified():288] file/dir modified: C:\Users\User\PycharmProjects\FL_AD\src\server\wandb\run-20230926_115442-h68x0lii\files\wandb-summary.json
2023-09-26 11:58:05,415 DEBUG   HandlerThread:4000 [handler.py:handle_request():144] handle_request: status_report
2023-09-26 11:58:10,478 DEBUG   HandlerThread:4000 [handler.py:handle_request():144] handle_request: status_report
2023-09-26 11:58:13,951 DEBUG   HandlerThread:4000 [handler.py:handle_request():144] handle_request: internal_messages
2023-09-26 11:58:13,983 DEBUG   HandlerThread:4000 [handler.py:handle_request():144] handle_request: stop_status
2023-09-26 11:58:13,984 DEBUG   SenderThread:4000 [sender.py:send_request():407] send_request: stop_status
2023-09-26 11:58:14,540 DEBUG   SenderThread:4000 [sender.py:send():380] send: stats
2023-09-26 11:58:15,547 DEBUG   HandlerThread:4000 [handler.py:handle_request():144] handle_request: status_report
2023-09-26 11:58:20,580 DEBUG   HandlerThread:4000 [handler.py:handle_request():144] handle_request: status_report
2023-09-26 11:58:22,670 DEBUG   HandlerThread:4000 [handler.py:handle_request():144] handle_request: partial_history
2023-09-26 11:58:22,672 DEBUG   SenderThread:4000 [sender.py:send():380] send: history
2023-09-26 11:58:22,672 DEBUG   SenderThread:4000 [sender.py:send_request():407] send_request: summary_record
2023-09-26 11:58:22,674 INFO    SenderThread:4000 [sender.py:_save_file():1378] saving file wandb-summary.json with policy end
2023-09-26 11:58:23,636 INFO    Thread-12 :4000 [dir_watcher.py:_on_file_modified():288] file/dir modified: C:\Users\User\PycharmProjects\FL_AD\src\server\wandb\run-20230926_115442-h68x0lii\files\wandb-summary.json
2023-09-26 11:58:25,709 DEBUG   HandlerThread:4000 [handler.py:handle_request():144] handle_request: status_report
2023-09-26 11:58:27,619 DEBUG   HandlerThread:4000 [handler.py:handle_request():144] handle_request: partial_history
2023-09-26 11:58:27,621 DEBUG   SenderThread:4000 [sender.py:send():380] send: history
2023-09-26 11:58:27,621 DEBUG   SenderThread:4000 [sender.py:send_request():407] send_request: summary_record
2023-09-26 11:58:27,623 INFO    SenderThread:4000 [sender.py:_save_file():1378] saving file wandb-summary.json with policy end
2023-09-26 11:58:27,692 INFO    Thread-12 :4000 [dir_watcher.py:_on_file_modified():288] file/dir modified: C:\Users\User\PycharmProjects\FL_AD\src\server\wandb\run-20230926_115442-h68x0lii\files\wandb-summary.json
2023-09-26 11:58:28,959 DEBUG   HandlerThread:4000 [handler.py:handle_request():144] handle_request: internal_messages
2023-09-26 11:58:28,992 DEBUG   HandlerThread:4000 [handler.py:handle_request():144] handle_request: stop_status
2023-09-26 11:58:28,994 DEBUG   SenderThread:4000 [sender.py:send_request():407] send_request: stop_status
2023-09-26 11:58:31,384 DEBUG   HandlerThread:4000 [handler.py:handle_request():144] handle_request: status_report
2023-09-26 11:58:32,107 DEBUG   HandlerThread:4000 [handler.py:handle_request():144] handle_request: partial_history
2023-09-26 11:58:32,109 DEBUG   SenderThread:4000 [sender.py:send():380] send: history
2023-09-26 11:58:32,111 DEBUG   SenderThread:4000 [sender.py:send_request():407] send_request: summary_record
2023-09-26 11:58:32,112 INFO    SenderThread:4000 [sender.py:_save_file():1378] saving file wandb-summary.json with policy end
2023-09-26 11:58:32,755 INFO    Thread-12 :4000 [dir_watcher.py:_on_file_modified():288] file/dir modified: C:\Users\User\PycharmProjects\FL_AD\src\server\wandb\run-20230926_115442-h68x0lii\files\wandb-summary.json
2023-09-26 11:58:36,718 DEBUG   HandlerThread:4000 [handler.py:handle_request():144] handle_request: partial_history
2023-09-26 11:58:36,720 DEBUG   SenderThread:4000 [sender.py:send():380] send: history
2023-09-26 11:58:36,720 DEBUG   SenderThread:4000 [sender.py:send_request():407] send_request: summary_record
2023-09-26 11:58:36,723 DEBUG   HandlerThread:4000 [handler.py:handle_request():144] handle_request: status_report
2023-09-26 11:58:36,725 INFO    SenderThread:4000 [sender.py:_save_file():1378] saving file wandb-summary.json with policy end
2023-09-26 11:58:36,782 INFO    Thread-12 :4000 [dir_watcher.py:_on_file_modified():288] file/dir modified: C:\Users\User\PycharmProjects\FL_AD\src\server\wandb\run-20230926_115442-h68x0lii\files\wandb-summary.json
2023-09-26 11:58:41,174 DEBUG   HandlerThread:4000 [handler.py:handle_request():144] handle_request: partial_history
2023-09-26 11:58:41,175 DEBUG   SenderThread:4000 [sender.py:send():380] send: history
2023-09-26 11:58:41,176 DEBUG   SenderThread:4000 [sender.py:send_request():407] send_request: summary_record
2023-09-26 11:58:41,178 INFO    SenderThread:4000 [sender.py:_save_file():1378] saving file wandb-summary.json with policy end
2023-09-26 11:58:41,843 INFO    Thread-12 :4000 [dir_watcher.py:_on_file_modified():288] file/dir modified: C:\Users\User\PycharmProjects\FL_AD\src\server\wandb\run-20230926_115442-h68x0lii\files\wandb-summary.json
2023-09-26 11:58:42,189 DEBUG   HandlerThread:4000 [handler.py:handle_request():144] handle_request: status_report
2023-09-26 11:58:43,961 DEBUG   HandlerThread:4000 [handler.py:handle_request():144] handle_request: internal_messages
2023-09-26 11:58:43,992 DEBUG   HandlerThread:4000 [handler.py:handle_request():144] handle_request: stop_status
2023-09-26 11:58:43,993 DEBUG   SenderThread:4000 [sender.py:send_request():407] send_request: stop_status
2023-09-26 11:58:44,547 DEBUG   SenderThread:4000 [sender.py:send():380] send: stats
2023-09-26 11:58:47,580 DEBUG   HandlerThread:4000 [handler.py:handle_request():144] handle_request: status_report
2023-09-26 11:58:52,627 DEBUG   HandlerThread:4000 [handler.py:handle_request():144] handle_request: status_report
2023-09-26 11:58:57,662 DEBUG   HandlerThread:4000 [handler.py:handle_request():144] handle_request: status_report
2023-09-26 11:58:58,949 DEBUG   HandlerThread:4000 [handler.py:handle_request():144] handle_request: internal_messages
2023-09-26 11:58:58,997 DEBUG   HandlerThread:4000 [handler.py:handle_request():144] handle_request: stop_status
2023-09-26 11:58:58,998 DEBUG   SenderThread:4000 [sender.py:send_request():407] send_request: stop_status
2023-09-26 11:58:59,546 DEBUG   HandlerThread:4000 [handler.py:handle_request():144] handle_request: partial_history
2023-09-26 11:58:59,548 DEBUG   SenderThread:4000 [sender.py:send():380] send: history
2023-09-26 11:58:59,549 DEBUG   SenderThread:4000 [sender.py:send_request():407] send_request: summary_record
2023-09-26 11:58:59,550 INFO    SenderThread:4000 [sender.py:_save_file():1378] saving file wandb-summary.json with policy end
2023-09-26 11:59:00,031 INFO    Thread-12 :4000 [dir_watcher.py:_on_file_modified():288] file/dir modified: C:\Users\User\PycharmProjects\FL_AD\src\server\wandb\run-20230926_115442-h68x0lii\files\wandb-summary.json
2023-09-26 11:59:01,586 DEBUG   HandlerThread:4000 [handler.py:handle_request():144] handle_request: partial_history
2023-09-26 11:59:01,588 DEBUG   SenderThread:4000 [sender.py:send():380] send: history
2023-09-26 11:59:01,588 DEBUG   SenderThread:4000 [sender.py:send_request():407] send_request: summary_record
2023-09-26 11:59:01,590 INFO    SenderThread:4000 [sender.py:_save_file():1378] saving file wandb-summary.json with policy end
2023-09-26 11:59:02,038 INFO    Thread-12 :4000 [dir_watcher.py:_on_file_modified():288] file/dir modified: C:\Users\User\PycharmProjects\FL_AD\src\server\wandb\run-20230926_115442-h68x0lii\files\wandb-summary.json
2023-09-26 11:59:03,598 DEBUG   HandlerThread:4000 [handler.py:handle_request():144] handle_request: status_report
2023-09-26 11:59:03,632 DEBUG   HandlerThread:4000 [handler.py:handle_request():144] handle_request: partial_history
2023-09-26 11:59:03,633 DEBUG   SenderThread:4000 [sender.py:send():380] send: history
2023-09-26 11:59:03,634 DEBUG   SenderThread:4000 [sender.py:send_request():407] send_request: summary_record
2023-09-26 11:59:03,636 INFO    SenderThread:4000 [sender.py:_save_file():1378] saving file wandb-summary.json with policy end
2023-09-26 11:59:04,046 INFO    Thread-12 :4000 [dir_watcher.py:_on_file_modified():288] file/dir modified: C:\Users\User\PycharmProjects\FL_AD\src\server\wandb\run-20230926_115442-h68x0lii\files\wandb-summary.json
2023-09-26 11:59:05,675 DEBUG   HandlerThread:4000 [handler.py:handle_request():144] handle_request: partial_history
2023-09-26 11:59:05,677 DEBUG   SenderThread:4000 [sender.py:send():380] send: history
2023-09-26 11:59:05,677 DEBUG   SenderThread:4000 [sender.py:send_request():407] send_request: summary_record
2023-09-26 11:59:05,681 INFO    SenderThread:4000 [sender.py:_save_file():1378] saving file wandb-summary.json with policy end
2023-09-26 11:59:06,065 INFO    Thread-12 :4000 [dir_watcher.py:_on_file_modified():288] file/dir modified: C:\Users\User\PycharmProjects\FL_AD\src\server\wandb\run-20230926_115442-h68x0lii\files\wandb-summary.json
2023-09-26 11:59:07,736 DEBUG   HandlerThread:4000 [handler.py:handle_request():144] handle_request: partial_history
2023-09-26 11:59:07,738 DEBUG   SenderThread:4000 [sender.py:send():380] send: history
2023-09-26 11:59:07,738 DEBUG   SenderThread:4000 [sender.py:send_request():407] send_request: summary_record
2023-09-26 11:59:07,740 INFO    SenderThread:4000 [sender.py:_save_file():1378] saving file wandb-summary.json with policy end
2023-09-26 11:59:08,071 INFO    Thread-12 :4000 [dir_watcher.py:_on_file_modified():288] file/dir modified: C:\Users\User\PycharmProjects\FL_AD\src\server\wandb\run-20230926_115442-h68x0lii\files\wandb-summary.json
2023-09-26 11:59:08,755 DEBUG   HandlerThread:4000 [handler.py:handle_request():144] handle_request: status_report
2023-09-26 11:59:13,769 DEBUG   HandlerThread:4000 [handler.py:handle_request():144] handle_request: status_report
2023-09-26 11:59:13,994 DEBUG   HandlerThread:4000 [handler.py:handle_request():144] handle_request: internal_messages
2023-09-26 11:59:14,150 DEBUG   HandlerThread:4000 [handler.py:handle_request():144] handle_request: stop_status
2023-09-26 11:59:14,151 DEBUG   SenderThread:4000 [sender.py:send_request():407] send_request: stop_status
2023-09-26 11:59:14,550 DEBUG   SenderThread:4000 [sender.py:send():380] send: stats
2023-09-26 11:59:19,582 DEBUG   HandlerThread:4000 [handler.py:handle_request():144] handle_request: status_report
2023-09-26 11:59:24,406 DEBUG   HandlerThread:4000 [handler.py:handle_request():144] handle_request: partial_history
2023-09-26 11:59:24,408 DEBUG   SenderThread:4000 [sender.py:send():380] send: history
2023-09-26 11:59:24,409 DEBUG   SenderThread:4000 [sender.py:send_request():407] send_request: summary_record
2023-09-26 11:59:24,412 INFO    SenderThread:4000 [sender.py:_save_file():1378] saving file wandb-summary.json with policy end
2023-09-26 11:59:25,154 INFO    Thread-12 :4000 [dir_watcher.py:_on_file_modified():288] file/dir modified: C:\Users\User\PycharmProjects\FL_AD\src\server\wandb\run-20230926_115442-h68x0lii\files\wandb-summary.json
2023-09-26 11:59:25,424 DEBUG   HandlerThread:4000 [handler.py:handle_request():144] handle_request: status_report
2023-09-26 11:59:26,604 DEBUG   HandlerThread:4000 [handler.py:handle_request():144] handle_request: partial_history
2023-09-26 11:59:26,606 DEBUG   SenderThread:4000 [sender.py:send():380] send: history
2023-09-26 11:59:26,606 DEBUG   SenderThread:4000 [sender.py:send_request():407] send_request: summary_record
2023-09-26 11:59:26,608 INFO    SenderThread:4000 [sender.py:_save_file():1378] saving file wandb-summary.json with policy end
2023-09-26 11:59:27,176 INFO    Thread-12 :4000 [dir_watcher.py:_on_file_modified():288] file/dir modified: C:\Users\User\PycharmProjects\FL_AD\src\server\wandb\run-20230926_115442-h68x0lii\files\wandb-summary.json
2023-09-26 11:59:28,850 DEBUG   HandlerThread:4000 [handler.py:handle_request():144] handle_request: partial_history
2023-09-26 11:59:28,852 DEBUG   SenderThread:4000 [sender.py:send():380] send: history
2023-09-26 11:59:28,853 DEBUG   SenderThread:4000 [sender.py:send_request():407] send_request: summary_record
2023-09-26 11:59:28,854 INFO    SenderThread:4000 [sender.py:_save_file():1378] saving file wandb-summary.json with policy end
2023-09-26 11:59:28,990 DEBUG   HandlerThread:4000 [handler.py:handle_request():144] handle_request: internal_messages
2023-09-26 11:59:29,165 DEBUG   HandlerThread:4000 [handler.py:handle_request():144] handle_request: stop_status
2023-09-26 11:59:29,166 DEBUG   SenderThread:4000 [sender.py:send_request():407] send_request: stop_status
2023-09-26 11:59:29,197 INFO    Thread-12 :4000 [dir_watcher.py:_on_file_modified():288] file/dir modified: C:\Users\User\PycharmProjects\FL_AD\src\server\wandb\run-20230926_115442-h68x0lii\files\wandb-summary.json
2023-09-26 11:59:30,516 DEBUG   HandlerThread:4000 [handler.py:handle_request():144] handle_request: status_report
2023-09-26 11:59:31,069 DEBUG   HandlerThread:4000 [handler.py:handle_request():144] handle_request: partial_history
2023-09-26 11:59:31,071 DEBUG   SenderThread:4000 [sender.py:send():380] send: history
2023-09-26 11:59:31,072 DEBUG   SenderThread:4000 [sender.py:send_request():407] send_request: summary_record
2023-09-26 11:59:31,073 INFO    SenderThread:4000 [sender.py:_save_file():1378] saving file wandb-summary.json with policy end
2023-09-26 11:59:31,214 INFO    Thread-12 :4000 [dir_watcher.py:_on_file_modified():288] file/dir modified: C:\Users\User\PycharmProjects\FL_AD\src\server\wandb\run-20230926_115442-h68x0lii\files\wandb-summary.json
2023-09-26 11:59:33,268 DEBUG   HandlerThread:4000 [handler.py:handle_request():144] handle_request: partial_history
2023-09-26 11:59:33,269 DEBUG   SenderThread:4000 [sender.py:send():380] send: history
2023-09-26 11:59:33,270 DEBUG   SenderThread:4000 [sender.py:send_request():407] send_request: summary_record
2023-09-26 11:59:33,272 INFO    SenderThread:4000 [sender.py:_save_file():1378] saving file wandb-summary.json with policy end
2023-09-26 11:59:34,225 INFO    Thread-12 :4000 [dir_watcher.py:_on_file_modified():288] file/dir modified: C:\Users\User\PycharmProjects\FL_AD\src\server\wandb\run-20230926_115442-h68x0lii\files\wandb-summary.json
2023-09-26 11:59:36,292 DEBUG   HandlerThread:4000 [handler.py:handle_request():144] handle_request: status_report
2023-09-26 11:59:41,307 DEBUG   HandlerThread:4000 [handler.py:handle_request():144] handle_request: status_report
2023-09-26 11:59:43,999 DEBUG   HandlerThread:4000 [handler.py:handle_request():144] handle_request: internal_messages
2023-09-26 11:59:44,158 DEBUG   HandlerThread:4000 [handler.py:handle_request():144] handle_request: stop_status
2023-09-26 11:59:44,159 DEBUG   SenderThread:4000 [sender.py:send_request():407] send_request: stop_status
2023-09-26 11:59:44,620 DEBUG   SenderThread:4000 [sender.py:send():380] send: stats
2023-09-26 11:59:46,625 DEBUG   HandlerThread:4000 [handler.py:handle_request():144] handle_request: status_report
2023-09-26 11:59:51,639 DEBUG   HandlerThread:4000 [handler.py:handle_request():144] handle_request: status_report
2023-09-26 11:59:54,563 DEBUG   HandlerThread:4000 [handler.py:handle_request():144] handle_request: partial_history
2023-09-26 11:59:54,565 DEBUG   SenderThread:4000 [sender.py:send():380] send: history
2023-09-26 11:59:54,566 DEBUG   SenderThread:4000 [sender.py:send_request():407] send_request: summary_record
2023-09-26 11:59:54,570 INFO    SenderThread:4000 [sender.py:_save_file():1378] saving file wandb-summary.json with policy end
2023-09-26 11:59:55,460 INFO    Thread-12 :4000 [dir_watcher.py:_on_file_modified():288] file/dir modified: C:\Users\User\PycharmProjects\FL_AD\src\server\wandb\run-20230926_115442-h68x0lii\files\wandb-summary.json
2023-09-26 11:59:57,576 DEBUG   HandlerThread:4000 [handler.py:handle_request():144] handle_request: status_report
2023-09-26 11:59:58,406 DEBUG   HandlerThread:4000 [handler.py:handle_request():144] handle_request: partial_history
2023-09-26 11:59:58,408 DEBUG   SenderThread:4000 [sender.py:send():380] send: history
2023-09-26 11:59:58,409 DEBUG   SenderThread:4000 [sender.py:send_request():407] send_request: summary_record
2023-09-26 11:59:58,410 INFO    SenderThread:4000 [sender.py:_save_file():1378] saving file wandb-summary.json with policy end
2023-09-26 11:59:58,485 INFO    Thread-12 :4000 [dir_watcher.py:_on_file_modified():288] file/dir modified: C:\Users\User\PycharmProjects\FL_AD\src\server\wandb\run-20230926_115442-h68x0lii\files\wandb-summary.json
2023-09-26 11:59:59,009 DEBUG   HandlerThread:4000 [handler.py:handle_request():144] handle_request: internal_messages
2023-09-26 11:59:59,169 DEBUG   HandlerThread:4000 [handler.py:handle_request():144] handle_request: stop_status
2023-09-26 11:59:59,170 DEBUG   SenderThread:4000 [sender.py:send_request():407] send_request: stop_status
2023-09-26 12:00:02,278 DEBUG   HandlerThread:4000 [handler.py:handle_request():144] handle_request: partial_history
2023-09-26 12:00:02,280 DEBUG   SenderThread:4000 [sender.py:send():380] send: history
2023-09-26 12:00:02,280 DEBUG   SenderThread:4000 [sender.py:send_request():407] send_request: summary_record
2023-09-26 12:00:02,282 INFO    SenderThread:4000 [sender.py:_save_file():1378] saving file wandb-summary.json with policy end
2023-09-26 12:00:02,527 INFO    Thread-12 :4000 [dir_watcher.py:_on_file_modified():288] file/dir modified: C:\Users\User\PycharmProjects\FL_AD\src\server\wandb\run-20230926_115442-h68x0lii\files\wandb-summary.json
2023-09-26 12:00:03,290 DEBUG   HandlerThread:4000 [handler.py:handle_request():144] handle_request: status_report
2023-09-26 12:00:06,107 DEBUG   HandlerThread:4000 [handler.py:handle_request():144] handle_request: partial_history
2023-09-26 12:00:06,109 DEBUG   SenderThread:4000 [sender.py:send():380] send: history
2023-09-26 12:00:06,109 DEBUG   SenderThread:4000 [sender.py:send_request():407] send_request: summary_record
2023-09-26 12:00:06,111 INFO    SenderThread:4000 [sender.py:_save_file():1378] saving file wandb-summary.json with policy end
2023-09-26 12:00:06,569 INFO    Thread-12 :4000 [dir_watcher.py:_on_file_modified():288] file/dir modified: C:\Users\User\PycharmProjects\FL_AD\src\server\wandb\run-20230926_115442-h68x0lii\files\wandb-summary.json
2023-09-26 12:00:09,135 DEBUG   HandlerThread:4000 [handler.py:handle_request():144] handle_request: status_report
2023-09-26 12:00:10,011 DEBUG   HandlerThread:4000 [handler.py:handle_request():144] handle_request: partial_history
2023-09-26 12:00:10,013 DEBUG   SenderThread:4000 [sender.py:send():380] send: history
2023-09-26 12:00:10,013 DEBUG   SenderThread:4000 [sender.py:send_request():407] send_request: summary_record
2023-09-26 12:00:10,015 INFO    SenderThread:4000 [sender.py:_save_file():1378] saving file wandb-summary.json with policy end
2023-09-26 12:00:10,624 INFO    Thread-12 :4000 [dir_watcher.py:_on_file_modified():288] file/dir modified: C:\Users\User\PycharmProjects\FL_AD\src\server\wandb\run-20230926_115442-h68x0lii\files\wandb-summary.json
2023-09-26 12:00:14,026 DEBUG   HandlerThread:4000 [handler.py:handle_request():144] handle_request: internal_messages
2023-09-26 12:00:14,166 DEBUG   HandlerThread:4000 [handler.py:handle_request():144] handle_request: stop_status
2023-09-26 12:00:14,167 DEBUG   SenderThread:4000 [sender.py:send_request():407] send_request: stop_status
2023-09-26 12:00:14,498 DEBUG   HandlerThread:4000 [handler.py:handle_request():144] handle_request: status_report
2023-09-26 12:00:14,563 DEBUG   SenderThread:4000 [sender.py:send():380] send: stats
2023-09-26 12:00:19,620 DEBUG   HandlerThread:4000 [handler.py:handle_request():144] handle_request: status_report
2023-09-26 12:00:24,678 DEBUG   HandlerThread:4000 [handler.py:handle_request():144] handle_request: status_report
2023-09-26 12:00:29,038 DEBUG   HandlerThread:4000 [handler.py:handle_request():144] handle_request: internal_messages
2023-09-26 12:00:29,183 DEBUG   HandlerThread:4000 [handler.py:handle_request():144] handle_request: stop_status
2023-09-26 12:00:29,184 DEBUG   SenderThread:4000 [sender.py:send_request():407] send_request: stop_status
2023-09-26 12:00:30,052 DEBUG   HandlerThread:4000 [handler.py:handle_request():144] handle_request: partial_history
2023-09-26 12:00:30,054 DEBUG   SenderThread:4000 [sender.py:send():380] send: history
2023-09-26 12:00:30,055 DEBUG   SenderThread:4000 [sender.py:send_request():407] send_request: summary_record
2023-09-26 12:00:30,056 DEBUG   HandlerThread:4000 [handler.py:handle_request():144] handle_request: status_report
2023-09-26 12:00:30,059 INFO    SenderThread:4000 [sender.py:_save_file():1378] saving file wandb-summary.json with policy end
2023-09-26 12:00:30,847 INFO    Thread-12 :4000 [dir_watcher.py:_on_file_modified():288] file/dir modified: C:\Users\User\PycharmProjects\FL_AD\src\server\wandb\run-20230926_115442-h68x0lii\files\wandb-summary.json
2023-09-26 12:00:34,834 DEBUG   HandlerThread:4000 [handler.py:handle_request():144] handle_request: partial_history
2023-09-26 12:00:34,834 DEBUG   SenderThread:4000 [sender.py:send():380] send: history
2023-09-26 12:00:34,834 DEBUG   SenderThread:4000 [sender.py:send_request():407] send_request: summary_record
2023-09-26 12:00:34,835 INFO    SenderThread:4000 [sender.py:_save_file():1378] saving file wandb-summary.json with policy end
2023-09-26 12:00:34,888 INFO    Thread-12 :4000 [dir_watcher.py:_on_file_modified():288] file/dir modified: C:\Users\User\PycharmProjects\FL_AD\src\server\wandb\run-20230926_115442-h68x0lii\files\wandb-summary.json
2023-09-26 12:00:35,838 DEBUG   HandlerThread:4000 [handler.py:handle_request():144] handle_request: status_report
2023-09-26 12:00:39,258 DEBUG   HandlerThread:4000 [handler.py:handle_request():144] handle_request: partial_history
2023-09-26 12:00:39,260 DEBUG   SenderThread:4000 [sender.py:send():380] send: history
2023-09-26 12:00:39,260 DEBUG   SenderThread:4000 [sender.py:send_request():407] send_request: summary_record
2023-09-26 12:00:39,262 INFO    SenderThread:4000 [sender.py:_save_file():1378] saving file wandb-summary.json with policy end
2023-09-26 12:00:39,944 INFO    Thread-12 :4000 [dir_watcher.py:_on_file_modified():288] file/dir modified: C:\Users\User\PycharmProjects\FL_AD\src\server\wandb\run-20230926_115442-h68x0lii\files\wandb-summary.json
2023-09-26 12:00:41,291 DEBUG   HandlerThread:4000 [handler.py:handle_request():144] handle_request: status_report
2023-09-26 12:00:43,418 DEBUG   HandlerThread:4000 [handler.py:handle_request():144] handle_request: partial_history
2023-09-26 12:00:43,420 DEBUG   SenderThread:4000 [sender.py:send():380] send: history
2023-09-26 12:00:43,421 DEBUG   SenderThread:4000 [sender.py:send_request():407] send_request: summary_record
2023-09-26 12:00:43,421 INFO    SenderThread:4000 [sender.py:_save_file():1378] saving file wandb-summary.json with policy end
2023-09-26 12:00:43,994 INFO    Thread-12 :4000 [dir_watcher.py:_on_file_modified():288] file/dir modified: C:\Users\User\PycharmProjects\FL_AD\src\server\wandb\run-20230926_115442-h68x0lii\files\wandb-summary.json
2023-09-26 12:00:44,041 DEBUG   HandlerThread:4000 [handler.py:handle_request():144] handle_request: internal_messages
2023-09-26 12:00:44,194 DEBUG   HandlerThread:4000 [handler.py:handle_request():144] handle_request: stop_status
2023-09-26 12:00:44,195 DEBUG   SenderThread:4000 [sender.py:send_request():407] send_request: stop_status
2023-09-26 12:00:44,577 DEBUG   SenderThread:4000 [sender.py:send():380] send: stats
2023-09-26 12:00:46,607 DEBUG   HandlerThread:4000 [handler.py:handle_request():144] handle_request: status_report
2023-09-26 12:00:48,050 DEBUG   HandlerThread:4000 [handler.py:handle_request():144] handle_request: partial_history
2023-09-26 12:00:48,052 DEBUG   SenderThread:4000 [sender.py:send():380] send: history
2023-09-26 12:00:48,052 DEBUG   SenderThread:4000 [sender.py:send_request():407] send_request: summary_record
2023-09-26 12:00:48,053 INFO    SenderThread:4000 [sender.py:_save_file():1378] saving file wandb-summary.json with policy end
2023-09-26 12:00:49,046 INFO    Thread-12 :4000 [dir_watcher.py:_on_file_modified():288] file/dir modified: C:\Users\User\PycharmProjects\FL_AD\src\server\wandb\run-20230926_115442-h68x0lii\files\wandb-summary.json
2023-09-26 12:00:52,068 DEBUG   HandlerThread:4000 [handler.py:handle_request():144] handle_request: status_report
2023-09-26 12:00:57,126 DEBUG   HandlerThread:4000 [handler.py:handle_request():144] handle_request: status_report
2023-09-26 12:00:59,045 DEBUG   HandlerThread:4000 [handler.py:handle_request():144] handle_request: internal_messages
2023-09-26 12:00:59,187 DEBUG   HandlerThread:4000 [handler.py:handle_request():144] handle_request: stop_status
2023-09-26 12:00:59,188 DEBUG   SenderThread:4000 [sender.py:send_request():407] send_request: stop_status
2023-09-26 12:01:02,567 DEBUG   HandlerThread:4000 [handler.py:handle_request():144] handle_request: status_report
2023-09-26 12:01:07,630 DEBUG   HandlerThread:4000 [handler.py:handle_request():144] handle_request: status_report
2023-09-26 12:01:08,815 DEBUG   HandlerThread:4000 [handler.py:handle_request():144] handle_request: partial_history
2023-09-26 12:01:08,816 DEBUG   SenderThread:4000 [sender.py:send():380] send: history
2023-09-26 12:01:08,817 DEBUG   SenderThread:4000 [sender.py:send_request():407] send_request: summary_record
2023-09-26 12:01:08,821 INFO    SenderThread:4000 [sender.py:_save_file():1378] saving file wandb-summary.json with policy end
2023-09-26 12:01:09,203 INFO    Thread-12 :4000 [dir_watcher.py:_on_file_modified():288] file/dir modified: C:\Users\User\PycharmProjects\FL_AD\src\server\wandb\run-20230926_115442-h68x0lii\files\wandb-summary.json
2023-09-26 12:01:12,863 DEBUG   HandlerThread:4000 [handler.py:handle_request():144] handle_request: status_report
2023-09-26 12:01:14,053 DEBUG   HandlerThread:4000 [handler.py:handle_request():144] handle_request: internal_messages
2023-09-26 12:01:14,201 DEBUG   HandlerThread:4000 [handler.py:handle_request():144] handle_request: stop_status
2023-09-26 12:01:14,202 DEBUG   SenderThread:4000 [sender.py:send_request():407] send_request: stop_status
2023-09-26 12:01:14,450 DEBUG   HandlerThread:4000 [handler.py:handle_request():144] handle_request: partial_history
2023-09-26 12:01:14,617 DEBUG   SenderThread:4000 [sender.py:send():380] send: history
2023-09-26 12:01:14,617 DEBUG   SenderThread:4000 [sender.py:send_request():407] send_request: summary_record
2023-09-26 12:01:14,618 INFO    SenderThread:4000 [sender.py:_save_file():1378] saving file wandb-summary.json with policy end
2023-09-26 12:01:14,619 DEBUG   SenderThread:4000 [sender.py:send():380] send: stats
2023-09-26 12:01:15,273 INFO    Thread-12 :4000 [dir_watcher.py:_on_file_modified():288] file/dir modified: C:\Users\User\PycharmProjects\FL_AD\src\server\wandb\run-20230926_115442-h68x0lii\files\wandb-summary.json
2023-09-26 12:01:18,662 DEBUG   HandlerThread:4000 [handler.py:handle_request():144] handle_request: status_report
2023-09-26 12:01:20,350 DEBUG   HandlerThread:4000 [handler.py:handle_request():144] handle_request: partial_history
2023-09-26 12:01:20,351 DEBUG   SenderThread:4000 [sender.py:send():380] send: history
2023-09-26 12:01:20,352 DEBUG   SenderThread:4000 [sender.py:send_request():407] send_request: summary_record
2023-09-26 12:01:20,353 INFO    SenderThread:4000 [sender.py:_save_file():1378] saving file wandb-summary.json with policy end
2023-09-26 12:01:21,332 INFO    Thread-12 :4000 [dir_watcher.py:_on_file_modified():288] file/dir modified: C:\Users\User\PycharmProjects\FL_AD\src\server\wandb\run-20230926_115442-h68x0lii\files\wandb-summary.json
2023-09-26 12:01:24,392 DEBUG   HandlerThread:4000 [handler.py:handle_request():144] handle_request: status_report
2023-09-26 12:01:25,988 DEBUG   HandlerThread:4000 [handler.py:handle_request():144] handle_request: partial_history
2023-09-26 12:01:25,990 DEBUG   SenderThread:4000 [sender.py:send():380] send: history
2023-09-26 12:01:25,990 DEBUG   SenderThread:4000 [sender.py:send_request():407] send_request: summary_record
2023-09-26 12:01:25,991 INFO    SenderThread:4000 [sender.py:_save_file():1378] saving file wandb-summary.json with policy end
2023-09-26 12:01:26,394 INFO    Thread-12 :4000 [dir_watcher.py:_on_file_modified():288] file/dir modified: C:\Users\User\PycharmProjects\FL_AD\src\server\wandb\run-20230926_115442-h68x0lii\files\wandb-summary.json
2023-09-26 12:01:29,059 DEBUG   HandlerThread:4000 [handler.py:handle_request():144] handle_request: internal_messages
2023-09-26 12:01:29,185 DEBUG   HandlerThread:4000 [handler.py:handle_request():144] handle_request: stop_status
2023-09-26 12:01:29,186 DEBUG   SenderThread:4000 [sender.py:send_request():407] send_request: stop_status
2023-09-26 12:01:29,607 DEBUG   HandlerThread:4000 [handler.py:handle_request():144] handle_request: status_report
2023-09-26 12:01:31,314 DEBUG   HandlerThread:4000 [handler.py:handle_request():144] handle_request: partial_history
2023-09-26 12:01:31,315 DEBUG   SenderThread:4000 [sender.py:send():380] send: history
2023-09-26 12:01:31,316 DEBUG   SenderThread:4000 [sender.py:send_request():407] send_request: summary_record
2023-09-26 12:01:31,318 INFO    SenderThread:4000 [sender.py:_save_file():1378] saving file wandb-summary.json with policy end
2023-09-26 12:01:31,437 INFO    Thread-12 :4000 [dir_watcher.py:_on_file_modified():288] file/dir modified: C:\Users\User\PycharmProjects\FL_AD\src\server\wandb\run-20230926_115442-h68x0lii\files\wandb-summary.json
2023-09-26 12:01:35,353 DEBUG   HandlerThread:4000 [handler.py:handle_request():144] handle_request: status_report
2023-09-26 12:01:40,405 DEBUG   HandlerThread:4000 [handler.py:handle_request():144] handle_request: status_report
2023-09-26 12:01:44,071 DEBUG   HandlerThread:4000 [handler.py:handle_request():144] handle_request: internal_messages
2023-09-26 12:01:44,197 DEBUG   HandlerThread:4000 [handler.py:handle_request():144] handle_request: stop_status
2023-09-26 12:01:44,198 DEBUG   SenderThread:4000 [sender.py:send_request():407] send_request: stop_status
2023-09-26 12:01:44,599 DEBUG   SenderThread:4000 [sender.py:send():380] send: stats
2023-09-26 12:01:45,611 DEBUG   HandlerThread:4000 [handler.py:handle_request():144] handle_request: status_report
2023-09-26 12:01:49,295 DEBUG   HandlerThread:4000 [handler.py:handle_request():144] handle_request: partial_history
2023-09-26 12:01:49,296 DEBUG   SenderThread:4000 [sender.py:send():380] send: history
2023-09-26 12:01:49,297 DEBUG   SenderThread:4000 [sender.py:send_request():407] send_request: summary_record
2023-09-26 12:01:49,298 INFO    SenderThread:4000 [sender.py:_save_file():1378] saving file wandb-summary.json with policy end
2023-09-26 12:01:49,626 INFO    Thread-12 :4000 [dir_watcher.py:_on_file_modified():288] file/dir modified: C:\Users\User\PycharmProjects\FL_AD\src\server\wandb\run-20230926_115442-h68x0lii\files\wandb-summary.json
2023-09-26 12:01:51,310 DEBUG   HandlerThread:4000 [handler.py:handle_request():144] handle_request: status_report
2023-09-26 12:01:51,464 DEBUG   HandlerThread:4000 [handler.py:handle_request():144] handle_request: partial_history
2023-09-26 12:01:51,466 DEBUG   SenderThread:4000 [sender.py:send():380] send: history
2023-09-26 12:01:51,466 DEBUG   SenderThread:4000 [sender.py:send_request():407] send_request: summary_record
2023-09-26 12:01:51,468 INFO    SenderThread:4000 [sender.py:_save_file():1378] saving file wandb-summary.json with policy end
2023-09-26 12:01:51,642 INFO    Thread-12 :4000 [dir_watcher.py:_on_file_modified():288] file/dir modified: C:\Users\User\PycharmProjects\FL_AD\src\server\wandb\run-20230926_115442-h68x0lii\files\wandb-summary.json
2023-09-26 12:01:53,623 DEBUG   HandlerThread:4000 [handler.py:handle_request():144] handle_request: partial_history
2023-09-26 12:01:53,625 DEBUG   SenderThread:4000 [sender.py:send():380] send: history
2023-09-26 12:01:53,626 DEBUG   SenderThread:4000 [sender.py:send_request():407] send_request: summary_record
2023-09-26 12:01:53,627 INFO    SenderThread:4000 [sender.py:_save_file():1378] saving file wandb-summary.json with policy end
2023-09-26 12:01:53,661 INFO    Thread-12 :4000 [dir_watcher.py:_on_file_modified():288] file/dir modified: C:\Users\User\PycharmProjects\FL_AD\src\server\wandb\run-20230926_115442-h68x0lii\files\wandb-summary.json
2023-09-26 12:01:55,743 DEBUG   HandlerThread:4000 [handler.py:handle_request():144] handle_request: partial_history
2023-09-26 12:01:55,745 DEBUG   SenderThread:4000 [sender.py:send():380] send: history
2023-09-26 12:01:55,745 DEBUG   SenderThread:4000 [sender.py:send_request():407] send_request: summary_record
2023-09-26 12:01:55,746 INFO    SenderThread:4000 [sender.py:_save_file():1378] saving file wandb-summary.json with policy end
2023-09-26 12:01:56,693 INFO    Thread-12 :4000 [dir_watcher.py:_on_file_modified():288] file/dir modified: C:\Users\User\PycharmProjects\FL_AD\src\server\wandb\run-20230926_115442-h68x0lii\files\wandb-summary.json
2023-09-26 12:01:56,755 DEBUG   HandlerThread:4000 [handler.py:handle_request():144] handle_request: status_report
2023-09-26 12:01:57,910 DEBUG   HandlerThread:4000 [handler.py:handle_request():144] handle_request: partial_history
2023-09-26 12:01:57,911 DEBUG   SenderThread:4000 [sender.py:send():380] send: history
2023-09-26 12:01:57,912 DEBUG   SenderThread:4000 [sender.py:send_request():407] send_request: summary_record
2023-09-26 12:01:57,914 INFO    SenderThread:4000 [sender.py:_save_file():1378] saving file wandb-summary.json with policy end
2023-09-26 12:01:58,719 INFO    Thread-12 :4000 [dir_watcher.py:_on_file_modified():288] file/dir modified: C:\Users\User\PycharmProjects\FL_AD\src\server\wandb\run-20230926_115442-h68x0lii\files\wandb-summary.json
2023-09-26 12:01:59,085 DEBUG   HandlerThread:4000 [handler.py:handle_request():144] handle_request: internal_messages
2023-09-26 12:01:59,213 DEBUG   HandlerThread:4000 [handler.py:handle_request():144] handle_request: stop_status
2023-09-26 12:01:59,214 DEBUG   SenderThread:4000 [sender.py:send_request():407] send_request: stop_status
2023-09-26 12:02:02,653 DEBUG   HandlerThread:4000 [handler.py:handle_request():144] handle_request: status_report
2023-09-26 12:02:07,689 DEBUG   HandlerThread:4000 [handler.py:handle_request():144] handle_request: status_report
2023-09-26 12:02:12,734 DEBUG   HandlerThread:4000 [handler.py:handle_request():144] handle_request: status_report
2023-09-26 12:02:14,089 DEBUG   HandlerThread:4000 [handler.py:handle_request():144] handle_request: internal_messages
2023-09-26 12:02:14,232 DEBUG   HandlerThread:4000 [handler.py:handle_request():144] handle_request: stop_status
2023-09-26 12:02:14,233 DEBUG   SenderThread:4000 [sender.py:send_request():407] send_request: stop_status
2023-09-26 12:02:14,622 DEBUG   SenderThread:4000 [sender.py:send():380] send: stats
2023-09-26 12:02:15,897 DEBUG   HandlerThread:4000 [handler.py:handle_request():144] handle_request: partial_history
2023-09-26 12:02:15,899 DEBUG   SenderThread:4000 [sender.py:send():380] send: history
2023-09-26 12:02:15,900 DEBUG   SenderThread:4000 [sender.py:send_request():407] send_request: summary_record
2023-09-26 12:02:15,901 INFO    SenderThread:4000 [sender.py:_save_file():1378] saving file wandb-summary.json with policy end
2023-09-26 12:02:16,903 INFO    Thread-12 :4000 [dir_watcher.py:_on_file_modified():288] file/dir modified: C:\Users\User\PycharmProjects\FL_AD\src\server\wandb\run-20230926_115442-h68x0lii\files\wandb-summary.json
2023-09-26 12:02:17,929 DEBUG   HandlerThread:4000 [handler.py:handle_request():144] handle_request: status_report
2023-09-26 12:02:19,546 DEBUG   HandlerThread:4000 [handler.py:handle_request():144] handle_request: partial_history
2023-09-26 12:02:19,548 DEBUG   SenderThread:4000 [sender.py:send():380] send: history
2023-09-26 12:02:19,549 DEBUG   SenderThread:4000 [sender.py:send_request():407] send_request: summary_record
2023-09-26 12:02:19,550 INFO    SenderThread:4000 [sender.py:_save_file():1378] saving file wandb-summary.json with policy end
2023-09-26 12:02:19,930 INFO    Thread-12 :4000 [dir_watcher.py:_on_file_modified():288] file/dir modified: C:\Users\User\PycharmProjects\FL_AD\src\server\wandb\run-20230926_115442-h68x0lii\files\wandb-summary.json
2023-09-26 12:02:23,181 DEBUG   HandlerThread:4000 [handler.py:handle_request():144] handle_request: partial_history
2023-09-26 12:02:23,182 DEBUG   SenderThread:4000 [sender.py:send():380] send: history
2023-09-26 12:02:23,183 DEBUG   SenderThread:4000 [sender.py:send_request():407] send_request: summary_record
2023-09-26 12:02:23,183 DEBUG   HandlerThread:4000 [handler.py:handle_request():144] handle_request: status_report
2023-09-26 12:02:23,184 INFO    SenderThread:4000 [sender.py:_save_file():1378] saving file wandb-summary.json with policy end
2023-09-26 12:02:23,960 INFO    Thread-12 :4000 [dir_watcher.py:_on_file_modified():288] file/dir modified: C:\Users\User\PycharmProjects\FL_AD\src\server\wandb\run-20230926_115442-h68x0lii\files\wandb-summary.json
2023-09-26 12:02:26,894 DEBUG   HandlerThread:4000 [handler.py:handle_request():144] handle_request: partial_history
2023-09-26 12:02:26,896 DEBUG   SenderThread:4000 [sender.py:send():380] send: history
2023-09-26 12:02:26,897 DEBUG   SenderThread:4000 [sender.py:send_request():407] send_request: summary_record
2023-09-26 12:02:26,898 INFO    SenderThread:4000 [sender.py:_save_file():1378] saving file wandb-summary.json with policy end
2023-09-26 12:02:26,987 INFO    Thread-12 :4000 [dir_watcher.py:_on_file_modified():288] file/dir modified: C:\Users\User\PycharmProjects\FL_AD\src\server\wandb\run-20230926_115442-h68x0lii\files\wandb-summary.json
2023-09-26 12:02:28,912 DEBUG   HandlerThread:4000 [handler.py:handle_request():144] handle_request: status_report
2023-09-26 12:02:29,103 DEBUG   HandlerThread:4000 [handler.py:handle_request():144] handle_request: internal_messages
2023-09-26 12:02:29,244 DEBUG   HandlerThread:4000 [handler.py:handle_request():144] handle_request: stop_status
2023-09-26 12:02:29,245 DEBUG   SenderThread:4000 [sender.py:send_request():407] send_request: stop_status
2023-09-26 12:02:30,599 DEBUG   HandlerThread:4000 [handler.py:handle_request():144] handle_request: partial_history
2023-09-26 12:02:30,600 DEBUG   SenderThread:4000 [sender.py:send():380] send: history
2023-09-26 12:02:30,600 DEBUG   SenderThread:4000 [sender.py:send_request():407] send_request: summary_record
2023-09-26 12:02:30,602 INFO    SenderThread:4000 [sender.py:_save_file():1378] saving file wandb-summary.json with policy end
2023-09-26 12:02:31,026 INFO    Thread-12 :4000 [dir_watcher.py:_on_file_modified():288] file/dir modified: C:\Users\User\PycharmProjects\FL_AD\src\server\wandb\run-20230926_115442-h68x0lii\files\wandb-summary.json
2023-09-26 12:02:34,627 DEBUG   HandlerThread:4000 [handler.py:handle_request():144] handle_request: status_report
2023-09-26 12:02:39,693 DEBUG   HandlerThread:4000 [handler.py:handle_request():144] handle_request: status_report
2023-09-26 12:02:44,114 DEBUG   HandlerThread:4000 [handler.py:handle_request():144] handle_request: internal_messages
2023-09-26 12:02:44,258 DEBUG   HandlerThread:4000 [handler.py:handle_request():144] handle_request: stop_status
2023-09-26 12:02:44,259 DEBUG   SenderThread:4000 [sender.py:send_request():407] send_request: stop_status
2023-09-26 12:02:44,641 DEBUG   SenderThread:4000 [sender.py:send():380] send: stats
2023-09-26 12:02:45,658 DEBUG   HandlerThread:4000 [handler.py:handle_request():144] handle_request: status_report
2023-09-26 12:02:47,538 DEBUG   HandlerThread:4000 [handler.py:handle_request():144] handle_request: partial_history
2023-09-26 12:02:47,540 DEBUG   SenderThread:4000 [sender.py:send():380] send: history
2023-09-26 12:02:47,540 DEBUG   SenderThread:4000 [sender.py:send_request():407] send_request: summary_record
2023-09-26 12:02:47,542 INFO    SenderThread:4000 [sender.py:_save_file():1378] saving file wandb-summary.json with policy end
2023-09-26 12:02:48,182 INFO    Thread-12 :4000 [dir_watcher.py:_on_file_modified():288] file/dir modified: C:\Users\User\PycharmProjects\FL_AD\src\server\wandb\run-20230926_115442-h68x0lii\files\wandb-summary.json
2023-09-26 12:02:49,421 DEBUG   HandlerThread:4000 [handler.py:handle_request():144] handle_request: partial_history
2023-09-26 12:02:49,422 DEBUG   SenderThread:4000 [sender.py:send():380] send: history
2023-09-26 12:02:49,423 DEBUG   SenderThread:4000 [sender.py:send_request():407] send_request: summary_record
2023-09-26 12:02:49,424 INFO    SenderThread:4000 [sender.py:_save_file():1378] saving file wandb-summary.json with policy end
2023-09-26 12:02:50,188 INFO    Thread-12 :4000 [dir_watcher.py:_on_file_modified():288] file/dir modified: C:\Users\User\PycharmProjects\FL_AD\src\server\wandb\run-20230926_115442-h68x0lii\files\wandb-summary.json
2023-09-26 12:02:51,273 DEBUG   HandlerThread:4000 [handler.py:handle_request():144] handle_request: partial_history
2023-09-26 12:02:51,275 DEBUG   SenderThread:4000 [sender.py:send():380] send: history
2023-09-26 12:02:51,276 DEBUG   SenderThread:4000 [sender.py:send_request():407] send_request: summary_record
2023-09-26 12:02:51,276 DEBUG   HandlerThread:4000 [handler.py:handle_request():144] handle_request: status_report
2023-09-26 12:02:51,278 INFO    SenderThread:4000 [sender.py:_save_file():1378] saving file wandb-summary.json with policy end
2023-09-26 12:02:52,195 INFO    Thread-12 :4000 [dir_watcher.py:_on_file_modified():288] file/dir modified: C:\Users\User\PycharmProjects\FL_AD\src\server\wandb\run-20230926_115442-h68x0lii\files\wandb-summary.json
2023-09-26 12:02:53,088 DEBUG   HandlerThread:4000 [handler.py:handle_request():144] handle_request: partial_history
2023-09-26 12:02:53,090 DEBUG   SenderThread:4000 [sender.py:send():380] send: history
2023-09-26 12:02:53,090 DEBUG   SenderThread:4000 [sender.py:send_request():407] send_request: summary_record
2023-09-26 12:02:53,092 INFO    SenderThread:4000 [sender.py:_save_file():1378] saving file wandb-summary.json with policy end
2023-09-26 12:02:53,199 INFO    Thread-12 :4000 [dir_watcher.py:_on_file_modified():288] file/dir modified: C:\Users\User\PycharmProjects\FL_AD\src\server\wandb\run-20230926_115442-h68x0lii\files\wandb-summary.json
2023-09-26 12:02:54,878 DEBUG   HandlerThread:4000 [handler.py:handle_request():144] handle_request: partial_history
2023-09-26 12:02:54,880 DEBUG   SenderThread:4000 [sender.py:send():380] send: history
2023-09-26 12:02:54,880 DEBUG   SenderThread:4000 [sender.py:send_request():407] send_request: summary_record
2023-09-26 12:02:54,882 INFO    SenderThread:4000 [sender.py:_save_file():1378] saving file wandb-summary.json with policy end
2023-09-26 12:02:55,218 INFO    Thread-12 :4000 [dir_watcher.py:_on_file_modified():288] file/dir modified: C:\Users\User\PycharmProjects\FL_AD\src\server\wandb\run-20230926_115442-h68x0lii\files\wandb-summary.json
2023-09-26 12:02:56,888 DEBUG   HandlerThread:4000 [handler.py:handle_request():144] handle_request: status_report
2023-09-26 12:02:59,132 DEBUG   HandlerThread:4000 [handler.py:handle_request():144] handle_request: internal_messages
2023-09-26 12:02:59,262 DEBUG   HandlerThread:4000 [handler.py:handle_request():144] handle_request: stop_status
2023-09-26 12:02:59,262 DEBUG   SenderThread:4000 [sender.py:send_request():407] send_request: stop_status
2023-09-26 12:03:02,619 DEBUG   HandlerThread:4000 [handler.py:handle_request():144] handle_request: status_report
2023-09-26 12:03:07,632 DEBUG   HandlerThread:4000 [handler.py:handle_request():144] handle_request: status_report
2023-09-26 12:03:12,672 DEBUG   HandlerThread:4000 [handler.py:handle_request():144] handle_request: status_report
2023-09-26 12:03:14,128 DEBUG   HandlerThread:4000 [handler.py:handle_request():144] handle_request: internal_messages
2023-09-26 12:03:14,286 DEBUG   HandlerThread:4000 [handler.py:handle_request():144] handle_request: stop_status
2023-09-26 12:03:14,286 DEBUG   SenderThread:4000 [sender.py:send_request():407] send_request: stop_status
2023-09-26 12:03:14,634 DEBUG   SenderThread:4000 [sender.py:send():380] send: stats
2023-09-26 12:03:18,461 DEBUG   HandlerThread:4000 [handler.py:handle_request():144] handle_request: partial_history
2023-09-26 12:03:18,463 DEBUG   SenderThread:4000 [sender.py:send():380] send: history
2023-09-26 12:03:18,464 DEBUG   SenderThread:4000 [sender.py:send_request():407] send_request: summary_record
2023-09-26 12:03:18,467 DEBUG   HandlerThread:4000 [handler.py:handle_request():144] handle_request: status_report
2023-09-26 12:03:18,469 INFO    SenderThread:4000 [sender.py:_save_file():1378] saving file wandb-summary.json with policy end
2023-09-26 12:03:19,350 INFO    Thread-12 :4000 [dir_watcher.py:_on_file_modified():288] file/dir modified: C:\Users\User\PycharmProjects\FL_AD\src\server\wandb\run-20230926_115442-h68x0lii\files\wandb-summary.json
2023-09-26 12:03:23,506 DEBUG   HandlerThread:4000 [handler.py:handle_request():144] handle_request: status_report
2023-09-26 12:03:24,432 DEBUG   HandlerThread:4000 [handler.py:handle_request():144] handle_request: partial_history
2023-09-26 12:03:24,434 DEBUG   SenderThread:4000 [sender.py:send():380] send: history
2023-09-26 12:03:24,434 DEBUG   SenderThread:4000 [sender.py:send_request():407] send_request: summary_record
2023-09-26 12:03:24,435 INFO    SenderThread:4000 [sender.py:_save_file():1378] saving file wandb-summary.json with policy end
2023-09-26 12:03:25,425 INFO    Thread-12 :4000 [dir_watcher.py:_on_file_modified():288] file/dir modified: C:\Users\User\PycharmProjects\FL_AD\src\server\wandb\run-20230926_115442-h68x0lii\files\wandb-summary.json
2023-09-26 12:03:29,145 DEBUG   HandlerThread:4000 [handler.py:handle_request():144] handle_request: internal_messages
2023-09-26 12:03:29,209 DEBUG   HandlerThread:4000 [handler.py:handle_request():144] handle_request: status_report
2023-09-26 12:03:29,288 DEBUG   HandlerThread:4000 [handler.py:handle_request():144] handle_request: stop_status
2023-09-26 12:03:29,289 DEBUG   SenderThread:4000 [sender.py:send_request():407] send_request: stop_status
2023-09-26 12:03:30,434 DEBUG   HandlerThread:4000 [handler.py:handle_request():144] handle_request: partial_history
2023-09-26 12:03:30,442 DEBUG   SenderThread:4000 [sender.py:send():380] send: history
2023-09-26 12:03:30,443 DEBUG   SenderThread:4000 [sender.py:send_request():407] send_request: summary_record
2023-09-26 12:03:30,443 INFO    SenderThread:4000 [sender.py:_save_file():1378] saving file wandb-summary.json with policy end
2023-09-26 12:03:30,493 INFO    Thread-12 :4000 [dir_watcher.py:_on_file_modified():288] file/dir modified: C:\Users\User\PycharmProjects\FL_AD\src\server\wandb\run-20230926_115442-h68x0lii\files\wandb-summary.json
2023-09-26 12:03:34,489 DEBUG   HandlerThread:4000 [handler.py:handle_request():144] handle_request: status_report
2023-09-26 12:03:36,536 DEBUG   HandlerThread:4000 [handler.py:handle_request():144] handle_request: partial_history
2023-09-26 12:03:36,537 DEBUG   SenderThread:4000 [sender.py:send():380] send: history
2023-09-26 12:03:36,538 DEBUG   SenderThread:4000 [sender.py:send_request():407] send_request: summary_record
2023-09-26 12:03:36,539 INFO    SenderThread:4000 [sender.py:_save_file():1378] saving file wandb-summary.json with policy end
2023-09-26 12:03:36,552 INFO    Thread-12 :4000 [dir_watcher.py:_on_file_modified():288] file/dir modified: C:\Users\User\PycharmProjects\FL_AD\src\server\wandb\run-20230926_115442-h68x0lii\files\wandb-summary.json
2023-09-26 12:03:39,564 DEBUG   HandlerThread:4000 [handler.py:handle_request():144] handle_request: status_report
2023-09-26 12:03:42,220 DEBUG   HandlerThread:4000 [handler.py:handle_request():144] handle_request: partial_history
2023-09-26 12:03:42,221 DEBUG   SenderThread:4000 [sender.py:send():380] send: history
2023-09-26 12:03:42,222 DEBUG   SenderThread:4000 [sender.py:send_request():407] send_request: summary_record
2023-09-26 12:03:42,224 INFO    SenderThread:4000 [sender.py:_save_file():1378] saving file wandb-summary.json with policy end
2023-09-26 12:03:42,608 INFO    Thread-12 :4000 [dir_watcher.py:_on_file_modified():288] file/dir modified: C:\Users\User\PycharmProjects\FL_AD\src\server\wandb\run-20230926_115442-h68x0lii\files\wandb-summary.json
2023-09-26 12:03:44,162 DEBUG   HandlerThread:4000 [handler.py:handle_request():144] handle_request: internal_messages
2023-09-26 12:03:44,286 DEBUG   HandlerThread:4000 [handler.py:handle_request():144] handle_request: stop_status
2023-09-26 12:03:44,287 DEBUG   SenderThread:4000 [sender.py:send_request():407] send_request: stop_status
2023-09-26 12:03:44,679 DEBUG   SenderThread:4000 [sender.py:send():380] send: stats
2023-09-26 12:03:44,680 DEBUG   HandlerThread:4000 [handler.py:handle_request():144] handle_request: status_report
2023-09-26 12:03:49,717 DEBUG   HandlerThread:4000 [handler.py:handle_request():144] handle_request: status_report
2023-09-26 12:03:54,748 DEBUG   HandlerThread:4000 [handler.py:handle_request():144] handle_request: status_report
2023-09-26 12:03:59,165 DEBUG   HandlerThread:4000 [handler.py:handle_request():144] handle_request: internal_messages
2023-09-26 12:03:59,291 DEBUG   HandlerThread:4000 [handler.py:handle_request():144] handle_request: stop_status
2023-09-26 12:03:59,292 DEBUG   SenderThread:4000 [sender.py:send_request():407] send_request: stop_status
2023-09-26 12:04:00,730 DEBUG   HandlerThread:4000 [handler.py:handle_request():144] handle_request: status_report
2023-09-26 12:04:02,090 DEBUG   HandlerThread:4000 [handler.py:handle_request():144] handle_request: partial_history
2023-09-26 12:04:02,092 DEBUG   SenderThread:4000 [sender.py:send():380] send: history
2023-09-26 12:04:02,093 DEBUG   SenderThread:4000 [sender.py:send_request():407] send_request: summary_record
2023-09-26 12:04:02,097 INFO    SenderThread:4000 [sender.py:_save_file():1378] saving file wandb-summary.json with policy end
2023-09-26 12:04:02,363 ERROR   FileStreamThread:4000 [file_stream.py:_handle_response():504] dropped chunk 404 Client Error: Not Found for url: https://api.wandb.ai/files/mbzuai2023/AD_FL/h68x0lii/file_stream
NoneType: None
2023-09-26 12:04:02,843 INFO    Thread-12 :4000 [dir_watcher.py:_on_file_modified():288] file/dir modified: C:\Users\User\PycharmProjects\FL_AD\src\server\wandb\run-20230926_115442-h68x0lii\files\wandb-summary.json
2023-09-26 12:04:05,668 DEBUG   HandlerThread:4000 [handler.py:handle_request():144] handle_request: partial_history
2023-09-26 12:04:05,670 DEBUG   SenderThread:4000 [sender.py:send():380] send: history
2023-09-26 12:04:05,670 DEBUG   SenderThread:4000 [sender.py:send_request():407] send_request: summary_record
2023-09-26 12:04:05,671 INFO    SenderThread:4000 [sender.py:_save_file():1378] saving file wandb-summary.json with policy end
2023-09-26 12:04:05,864 INFO    Thread-12 :4000 [dir_watcher.py:_on_file_modified():288] file/dir modified: C:\Users\User\PycharmProjects\FL_AD\src\server\wandb\run-20230926_115442-h68x0lii\files\wandb-summary.json
2023-09-26 12:04:06,674 DEBUG   HandlerThread:4000 [handler.py:handle_request():144] handle_request: status_report
2023-09-26 12:04:09,118 DEBUG   HandlerThread:4000 [handler.py:handle_request():144] handle_request: partial_history
2023-09-26 12:04:09,120 DEBUG   SenderThread:4000 [sender.py:send():380] send: history
2023-09-26 12:04:09,121 DEBUG   SenderThread:4000 [sender.py:send_request():407] send_request: summary_record
2023-09-26 12:04:09,122 INFO    SenderThread:4000 [sender.py:_save_file():1378] saving file wandb-summary.json with policy end
2023-09-26 12:04:09,886 INFO    Thread-12 :4000 [dir_watcher.py:_on_file_modified():288] file/dir modified: C:\Users\User\PycharmProjects\FL_AD\src\server\wandb\run-20230926_115442-h68x0lii\files\wandb-summary.json
2023-09-26 12:04:12,139 DEBUG   HandlerThread:4000 [handler.py:handle_request():144] handle_request: status_report
2023-09-26 12:04:12,662 DEBUG   HandlerThread:4000 [handler.py:handle_request():144] handle_request: partial_history
2023-09-26 12:04:12,664 DEBUG   SenderThread:4000 [sender.py:send():380] send: history
2023-09-26 12:04:12,664 DEBUG   SenderThread:4000 [sender.py:send_request():407] send_request: summary_record
2023-09-26 12:04:12,666 INFO    SenderThread:4000 [sender.py:_save_file():1378] saving file wandb-summary.json with policy end
2023-09-26 12:04:12,932 INFO    Thread-12 :4000 [dir_watcher.py:_on_file_modified():288] file/dir modified: C:\Users\User\PycharmProjects\FL_AD\src\server\wandb\run-20230926_115442-h68x0lii\files\wandb-summary.json
2023-09-26 12:04:14,154 DEBUG   HandlerThread:4000 [handler.py:handle_request():144] handle_request: internal_messages
2023-09-26 12:04:14,312 DEBUG   HandlerThread:4000 [handler.py:handle_request():144] handle_request: stop_status
2023-09-26 12:04:14,313 DEBUG   SenderThread:4000 [sender.py:send_request():407] send_request: stop_status
2023-09-26 12:04:14,699 DEBUG   SenderThread:4000 [sender.py:send():380] send: stats
2023-09-26 12:04:16,122 DEBUG   HandlerThread:4000 [handler.py:handle_request():144] handle_request: partial_history
2023-09-26 12:04:16,124 DEBUG   SenderThread:4000 [sender.py:send():380] send: history
2023-09-26 12:04:16,125 DEBUG   SenderThread:4000 [sender.py:send_request():407] send_request: summary_record
2023-09-26 12:04:16,126 INFO    SenderThread:4000 [sender.py:_save_file():1378] saving file wandb-summary.json with policy end
2023-09-26 12:04:16,979 INFO    Thread-12 :4000 [dir_watcher.py:_on_file_modified():288] file/dir modified: C:\Users\User\PycharmProjects\FL_AD\src\server\wandb\run-20230926_115442-h68x0lii\files\wandb-summary.json
2023-09-26 12:04:18,138 DEBUG   HandlerThread:4000 [handler.py:handle_request():144] handle_request: status_report
2023-09-26 12:04:23,152 DEBUG   HandlerThread:4000 [handler.py:handle_request():144] handle_request: status_report
2023-09-26 12:04:28,165 DEBUG   HandlerThread:4000 [handler.py:handle_request():144] handle_request: status_report
2023-09-26 12:04:29,169 DEBUG   HandlerThread:4000 [handler.py:handle_request():144] handle_request: internal_messages
2023-09-26 12:04:29,312 DEBUG   HandlerThread:4000 [handler.py:handle_request():144] handle_request: stop_status
2023-09-26 12:04:29,313 DEBUG   SenderThread:4000 [sender.py:send_request():407] send_request: stop_status
2023-09-26 12:04:33,768 DEBUG   HandlerThread:4000 [handler.py:handle_request():144] handle_request: status_report
2023-09-26 12:04:37,781 DEBUG   HandlerThread:4000 [handler.py:handle_request():144] handle_request: partial_history
2023-09-26 12:04:37,783 DEBUG   SenderThread:4000 [sender.py:send():380] send: history
2023-09-26 12:04:37,784 DEBUG   SenderThread:4000 [sender.py:send_request():407] send_request: summary_record
2023-09-26 12:04:37,787 INFO    SenderThread:4000 [sender.py:_save_file():1378] saving file wandb-summary.json with policy end
2023-09-26 12:04:38,047 ERROR   FileStreamThread:4000 [file_stream.py:_handle_response():504] dropped chunk 404 Client Error: Not Found for url: https://api.wandb.ai/files/mbzuai2023/AD_FL/h68x0lii/file_stream
NoneType: None
2023-09-26 12:04:38,108 INFO    Thread-12 :4000 [dir_watcher.py:_on_file_modified():288] file/dir modified: C:\Users\User\PycharmProjects\FL_AD\src\server\wandb\run-20230926_115442-h68x0lii\files\wandb-summary.json
2023-09-26 12:04:38,792 DEBUG   HandlerThread:4000 [handler.py:handle_request():144] handle_request: status_report
2023-09-26 12:04:42,847 DEBUG   HandlerThread:4000 [handler.py:handle_request():144] handle_request: partial_history
2023-09-26 12:04:42,849 DEBUG   SenderThread:4000 [sender.py:send():380] send: history
2023-09-26 12:04:42,850 DEBUG   SenderThread:4000 [sender.py:send_request():407] send_request: summary_record
2023-09-26 12:04:42,851 INFO    SenderThread:4000 [sender.py:_save_file():1378] saving file wandb-summary.json with policy end
2023-09-26 12:04:43,141 INFO    Thread-12 :4000 [dir_watcher.py:_on_file_modified():288] file/dir modified: C:\Users\User\PycharmProjects\FL_AD\src\server\wandb\run-20230926_115442-h68x0lii\files\wandb-summary.json
2023-09-26 12:04:43,857 DEBUG   HandlerThread:4000 [handler.py:handle_request():144] handle_request: status_report
2023-09-26 12:04:44,177 DEBUG   HandlerThread:4000 [handler.py:handle_request():144] handle_request: internal_messages
2023-09-26 12:04:44,320 DEBUG   HandlerThread:4000 [handler.py:handle_request():144] handle_request: stop_status
2023-09-26 12:04:44,321 DEBUG   SenderThread:4000 [sender.py:send_request():407] send_request: stop_status
2023-09-26 12:04:44,744 DEBUG   SenderThread:4000 [sender.py:send():380] send: stats
2023-09-26 12:04:47,783 DEBUG   HandlerThread:4000 [handler.py:handle_request():144] handle_request: partial_history
2023-09-26 12:04:47,785 DEBUG   SenderThread:4000 [sender.py:send():380] send: history
2023-09-26 12:04:47,785 DEBUG   SenderThread:4000 [sender.py:send_request():407] send_request: summary_record
2023-09-26 12:04:47,787 INFO    SenderThread:4000 [sender.py:_save_file():1378] saving file wandb-summary.json with policy end
2023-09-26 12:04:48,191 INFO    Thread-12 :4000 [dir_watcher.py:_on_file_modified():288] file/dir modified: C:\Users\User\PycharmProjects\FL_AD\src\server\wandb\run-20230926_115442-h68x0lii\files\wandb-summary.json
2023-09-26 12:04:49,798 DEBUG   HandlerThread:4000 [handler.py:handle_request():144] handle_request: status_report
2023-09-26 12:04:52,585 DEBUG   HandlerThread:4000 [handler.py:handle_request():144] handle_request: partial_history
2023-09-26 12:04:52,586 DEBUG   SenderThread:4000 [sender.py:send():380] send: history
2023-09-26 12:04:52,587 DEBUG   SenderThread:4000 [sender.py:send_request():407] send_request: summary_record
2023-09-26 12:04:52,589 INFO    SenderThread:4000 [sender.py:_save_file():1378] saving file wandb-summary.json with policy end
2023-09-26 12:04:53,238 INFO    Thread-12 :4000 [dir_watcher.py:_on_file_modified():288] file/dir modified: C:\Users\User\PycharmProjects\FL_AD\src\server\wandb\run-20230926_115442-h68x0lii\files\wandb-summary.json
2023-09-26 12:04:55,611 DEBUG   HandlerThread:4000 [handler.py:handle_request():144] handle_request: status_report
2023-09-26 12:04:57,452 DEBUG   HandlerThread:4000 [handler.py:handle_request():144] handle_request: partial_history
2023-09-26 12:04:57,454 DEBUG   SenderThread:4000 [sender.py:send():380] send: history
2023-09-26 12:04:57,454 DEBUG   SenderThread:4000 [sender.py:send_request():407] send_request: summary_record
2023-09-26 12:04:57,456 INFO    SenderThread:4000 [sender.py:_save_file():1378] saving file wandb-summary.json with policy end
2023-09-26 12:04:58,288 INFO    Thread-12 :4000 [dir_watcher.py:_on_file_modified():288] file/dir modified: C:\Users\User\PycharmProjects\FL_AD\src\server\wandb\run-20230926_115442-h68x0lii\files\wandb-summary.json
2023-09-26 12:04:59,179 DEBUG   HandlerThread:4000 [handler.py:handle_request():144] handle_request: internal_messages
2023-09-26 12:04:59,322 DEBUG   HandlerThread:4000 [handler.py:handle_request():144] handle_request: stop_status
2023-09-26 12:04:59,323 DEBUG   SenderThread:4000 [sender.py:send_request():407] send_request: stop_status
2023-09-26 12:05:01,011 DEBUG   HandlerThread:4000 [handler.py:handle_request():144] handle_request: status_report
2023-09-26 12:05:06,061 DEBUG   HandlerThread:4000 [handler.py:handle_request():144] handle_request: status_report
2023-09-26 12:05:11,082 DEBUG   HandlerThread:4000 [handler.py:handle_request():144] handle_request: status_report
2023-09-26 12:05:14,188 DEBUG   HandlerThread:4000 [handler.py:handle_request():144] handle_request: internal_messages
2023-09-26 12:05:14,331 DEBUG   HandlerThread:4000 [handler.py:handle_request():144] handle_request: stop_status
2023-09-26 12:05:14,332 DEBUG   SenderThread:4000 [sender.py:send_request():407] send_request: stop_status
2023-09-26 12:05:14,760 DEBUG   SenderThread:4000 [sender.py:send():380] send: stats
2023-09-26 12:05:15,044 ERROR   FileStreamThread:4000 [file_stream.py:_handle_response():504] dropped chunk 404 Client Error: Not Found for url: https://api.wandb.ai/files/mbzuai2023/AD_FL/h68x0lii/file_stream
NoneType: None
2023-09-26 12:05:16,772 DEBUG   HandlerThread:4000 [handler.py:handle_request():144] handle_request: status_report
2023-09-26 12:05:21,792 DEBUG   HandlerThread:4000 [handler.py:handle_request():144] handle_request: partial_history
2023-09-26 12:05:21,794 DEBUG   SenderThread:4000 [sender.py:send():380] send: history
2023-09-26 12:05:21,795 DEBUG   SenderThread:4000 [sender.py:send_request():407] send_request: summary_record
2023-09-26 12:05:21,795 DEBUG   HandlerThread:4000 [handler.py:handle_request():144] handle_request: status_report
2023-09-26 12:05:21,797 INFO    SenderThread:4000 [sender.py:_save_file():1378] saving file wandb-summary.json with policy end
2023-09-26 12:05:22,520 INFO    Thread-12 :4000 [dir_watcher.py:_on_file_modified():288] file/dir modified: C:\Users\User\PycharmProjects\FL_AD\src\server\wandb\run-20230926_115442-h68x0lii\files\wandb-summary.json
2023-09-26 12:05:26,835 DEBUG   HandlerThread:4000 [handler.py:handle_request():144] handle_request: status_report
2023-09-26 12:05:27,090 DEBUG   HandlerThread:4000 [handler.py:handle_request():144] handle_request: partial_history
2023-09-26 12:05:27,092 DEBUG   SenderThread:4000 [sender.py:send():380] send: history
2023-09-26 12:05:27,092 DEBUG   SenderThread:4000 [sender.py:send_request():407] send_request: summary_record
2023-09-26 12:05:27,094 INFO    SenderThread:4000 [sender.py:_save_file():1378] saving file wandb-summary.json with policy end
2023-09-26 12:05:27,552 INFO    Thread-12 :4000 [dir_watcher.py:_on_file_modified():288] file/dir modified: C:\Users\User\PycharmProjects\FL_AD\src\server\wandb\run-20230926_115442-h68x0lii\files\wandb-summary.json
2023-09-26 12:05:29,201 DEBUG   HandlerThread:4000 [handler.py:handle_request():144] handle_request: internal_messages
2023-09-26 12:05:29,341 DEBUG   HandlerThread:4000 [handler.py:handle_request():144] handle_request: stop_status
2023-09-26 12:05:29,342 DEBUG   SenderThread:4000 [sender.py:send_request():407] send_request: stop_status
2023-09-26 12:05:32,331 DEBUG   HandlerThread:4000 [handler.py:handle_request():144] handle_request: partial_history
2023-09-26 12:05:32,333 DEBUG   SenderThread:4000 [sender.py:send():380] send: history
2023-09-26 12:05:32,334 DEBUG   SenderThread:4000 [sender.py:send_request():407] send_request: summary_record
2023-09-26 12:05:32,334 DEBUG   HandlerThread:4000 [handler.py:handle_request():144] handle_request: status_report
2023-09-26 12:05:32,336 INFO    SenderThread:4000 [sender.py:_save_file():1378] saving file wandb-summary.json with policy end
2023-09-26 12:05:32,602 INFO    Thread-12 :4000 [dir_watcher.py:_on_file_modified():288] file/dir modified: C:\Users\User\PycharmProjects\FL_AD\src\server\wandb\run-20230926_115442-h68x0lii\files\wandb-summary.json
2023-09-26 12:05:37,384 DEBUG   HandlerThread:4000 [handler.py:handle_request():144] handle_request: status_report
2023-09-26 12:05:37,385 DEBUG   HandlerThread:4000 [handler.py:handle_request():144] handle_request: partial_history
2023-09-26 12:05:37,387 DEBUG   SenderThread:4000 [sender.py:send():380] send: history
2023-09-26 12:05:37,387 DEBUG   SenderThread:4000 [sender.py:send_request():407] send_request: summary_record
2023-09-26 12:05:37,389 INFO    SenderThread:4000 [sender.py:_save_file():1378] saving file wandb-summary.json with policy end
2023-09-26 12:05:37,636 INFO    Thread-12 :4000 [dir_watcher.py:_on_file_modified():288] file/dir modified: C:\Users\User\PycharmProjects\FL_AD\src\server\wandb\run-20230926_115442-h68x0lii\files\wandb-summary.json
2023-09-26 12:05:42,412 DEBUG   HandlerThread:4000 [handler.py:handle_request():144] handle_request: status_report
2023-09-26 12:05:42,585 DEBUG   HandlerThread:4000 [handler.py:handle_request():144] handle_request: partial_history
2023-09-26 12:05:42,587 DEBUG   SenderThread:4000 [sender.py:send():380] send: history
2023-09-26 12:05:42,588 DEBUG   SenderThread:4000 [sender.py:send_request():407] send_request: summary_record
2023-09-26 12:05:42,589 INFO    SenderThread:4000 [sender.py:_save_file():1378] saving file wandb-summary.json with policy end
2023-09-26 12:05:42,693 INFO    Thread-12 :4000 [dir_watcher.py:_on_file_modified():288] file/dir modified: C:\Users\User\PycharmProjects\FL_AD\src\server\wandb\run-20230926_115442-h68x0lii\files\wandb-summary.json
2023-09-26 12:05:44,211 DEBUG   HandlerThread:4000 [handler.py:handle_request():144] handle_request: internal_messages
2023-09-26 12:05:44,353 DEBUG   HandlerThread:4000 [handler.py:handle_request():144] handle_request: stop_status
2023-09-26 12:05:44,354 DEBUG   SenderThread:4000 [sender.py:send_request():407] send_request: stop_status
2023-09-26 12:05:44,945 DEBUG   SenderThread:4000 [sender.py:send():380] send: stats
2023-09-26 12:05:45,265 ERROR   FileStreamThread:4000 [file_stream.py:_handle_response():504] dropped chunk 404 Client Error: Not Found for url: https://api.wandb.ai/files/mbzuai2023/AD_FL/h68x0lii/file_stream
NoneType: None
2023-09-26 12:05:47,966 DEBUG   HandlerThread:4000 [handler.py:handle_request():144] handle_request: status_report
2023-09-26 12:05:53,012 DEBUG   HandlerThread:4000 [handler.py:handle_request():144] handle_request: status_report
2023-09-26 12:05:58,065 DEBUG   HandlerThread:4000 [handler.py:handle_request():144] handle_request: status_report
2023-09-26 12:05:59,206 DEBUG   HandlerThread:4000 [handler.py:handle_request():144] handle_request: internal_messages
2023-09-26 12:05:59,366 DEBUG   HandlerThread:4000 [handler.py:handle_request():144] handle_request: stop_status
2023-09-26 12:05:59,366 DEBUG   SenderThread:4000 [sender.py:send_request():407] send_request: stop_status
2023-09-26 12:06:03,803 DEBUG   HandlerThread:4000 [handler.py:handle_request():144] handle_request: status_report
2023-09-26 12:06:06,778 DEBUG   HandlerThread:4000 [handler.py:handle_request():144] handle_request: partial_history
2023-09-26 12:06:06,780 DEBUG   SenderThread:4000 [sender.py:send():380] send: history
2023-09-26 12:06:06,781 DEBUG   SenderThread:4000 [sender.py:send_request():407] send_request: summary_record
2023-09-26 12:06:06,782 INFO    SenderThread:4000 [sender.py:_save_file():1378] saving file wandb-summary.json with policy end
2023-09-26 12:06:06,941 INFO    Thread-12 :4000 [dir_watcher.py:_on_file_modified():288] file/dir modified: C:\Users\User\PycharmProjects\FL_AD\src\server\wandb\run-20230926_115442-h68x0lii\files\wandb-summary.json
2023-09-26 12:06:09,790 DEBUG   HandlerThread:4000 [handler.py:handle_request():144] handle_request: status_report
2023-09-26 12:06:14,220 DEBUG   HandlerThread:4000 [handler.py:handle_request():144] handle_request: internal_messages
2023-09-26 12:06:14,378 DEBUG   HandlerThread:4000 [handler.py:handle_request():144] handle_request: stop_status
2023-09-26 12:06:14,379 DEBUG   SenderThread:4000 [sender.py:send_request():407] send_request: stop_status
2023-09-26 12:06:15,010 DEBUG   SenderThread:4000 [sender.py:send():380] send: stats
2023-09-26 12:06:15,011 DEBUG   HandlerThread:4000 [handler.py:handle_request():144] handle_request: status_report
2023-09-26 12:06:15,279 ERROR   FileStreamThread:4000 [file_stream.py:_handle_response():504] dropped chunk 404 Client Error: Not Found for url: https://api.wandb.ai/files/mbzuai2023/AD_FL/h68x0lii/file_stream
NoneType: None
2023-09-26 12:06:15,485 DEBUG   HandlerThread:4000 [handler.py:handle_request():144] handle_request: partial_history
2023-09-26 12:06:15,487 DEBUG   SenderThread:4000 [sender.py:send():380] send: history
2023-09-26 12:06:15,487 DEBUG   SenderThread:4000 [sender.py:send_request():407] send_request: summary_record
2023-09-26 12:06:15,489 INFO    SenderThread:4000 [sender.py:_save_file():1378] saving file wandb-summary.json with policy end
2023-09-26 12:06:16,027 INFO    Thread-12 :4000 [dir_watcher.py:_on_file_modified():288] file/dir modified: C:\Users\User\PycharmProjects\FL_AD\src\server\wandb\run-20230926_115442-h68x0lii\files\wandb-summary.json
2023-09-26 12:06:20,517 DEBUG   HandlerThread:4000 [handler.py:handle_request():144] handle_request: status_report
2023-09-26 12:06:25,533 DEBUG   HandlerThread:4000 [handler.py:handle_request():144] handle_request: status_report
2023-09-26 12:06:30,546 DEBUG   HandlerThread:4000 [handler.py:handle_request():144] handle_request: status_report
2023-09-26 12:06:32,298 WARNING StreamThr :4000 [internal.py:is_dead():414] Internal process exiting, parent pid 12860 disappeared
2023-09-26 12:06:32,298 ERROR   StreamThr :4000 [internal.py:wandb_internal():152] Internal process shutdown.
2023-09-26 12:06:32,404 INFO    memory    :4000 [interfaces.py:monitor():140] Process proc.memory.rssMB has exited.
2023-09-26 12:06:32,405 DEBUG   SystemMonitor:4000 [system_monitor.py:_start():166] Finished system metrics aggregation loop
2023-09-26 12:06:32,405 DEBUG   SystemMonitor:4000 [system_monitor.py:_start():170] Publishing last batch of metrics
2023-09-26 12:06:32,406 INFO    HandlerThread:4000 [handler.py:finish():844] shutting down handler
2023-09-26 12:06:32,407 INFO    WriterThread:4000 [datastore.py:close():294] close: C:\Users\User\PycharmProjects\FL_AD\src\server\wandb\run-20230926_115442-h68x0lii\run-h68x0lii.wandb
2023-09-26 12:06:32,408 INFO    HandlerThread:4000 [system_monitor.py:finish():190] Stopping system monitor
2023-09-26 12:06:32,409 DEBUG   SenderThread:4000 [sender.py:send():380] send: stats
2023-09-26 12:06:32,410 INFO    HandlerThread:4000 [interfaces.py:finish():202] Joined cpu monitor
2023-09-26 12:06:32,420 INFO    SenderThread:4000 [sender.py:finish():1534] shutting down sender
2023-09-26 12:06:32,424 INFO    HandlerThread:4000 [interfaces.py:finish():202] Joined disk monitor
2023-09-26 12:06:32,429 INFO    SenderThread:4000 [dir_watcher.py:finish():358] shutting down directory watcher
2023-09-26 12:06:32,442 INFO    HandlerThread:4000 [interfaces.py:finish():202] Joined gpu monitor
2023-09-26 12:06:32,442 INFO    HandlerThread:4000 [interfaces.py:finish():202] Joined memory monitor
2023-09-26 12:06:32,443 INFO    HandlerThread:4000 [interfaces.py:finish():202] Joined network monitor
2023-09-26 12:06:33,103 INFO    SenderThread:4000 [dir_watcher.py:finish():388] scan: C:\Users\User\PycharmProjects\FL_AD\src\server\wandb\run-20230926_115442-h68x0lii\files
2023-09-26 12:06:33,104 INFO    SenderThread:4000 [dir_watcher.py:finish():402] scan save: C:\Users\User\PycharmProjects\FL_AD\src\server\wandb\run-20230926_115442-h68x0lii\files\conda-environment.yaml conda-environment.yaml
2023-09-26 12:06:33,105 INFO    SenderThread:4000 [dir_watcher.py:finish():402] scan save: C:\Users\User\PycharmProjects\FL_AD\src\server\wandb\run-20230926_115442-h68x0lii\files\config.yaml config.yaml
2023-09-26 12:06:33,110 INFO    SenderThread:4000 [dir_watcher.py:finish():402] scan save: C:\Users\User\PycharmProjects\FL_AD\src\server\wandb\run-20230926_115442-h68x0lii\files\requirements.txt requirements.txt
2023-09-26 12:06:33,117 INFO    SenderThread:4000 [dir_watcher.py:finish():402] scan save: C:\Users\User\PycharmProjects\FL_AD\src\server\wandb\run-20230926_115442-h68x0lii\files\wandb-metadata.json wandb-metadata.json
2023-09-26 12:06:33,118 INFO    SenderThread:4000 [dir_watcher.py:finish():402] scan save: C:\Users\User\PycharmProjects\FL_AD\src\server\wandb\run-20230926_115442-h68x0lii\files\wandb-summary.json wandb-summary.json
2023-09-26 12:06:33,125 INFO    SenderThread:4000 [file_pusher.py:finish():175] shutting down file pusher
2023-09-26 12:06:33,126 INFO    SenderThread:4000 [file_pusher.py:join():181] waiting for file pusher
2023-09-26 12:06:33,412 ERROR   wandb-upload_0:4000 [internal_api.py:execute():369] 404 response executing GraphQL.
2023-09-26 12:06:33,412 ERROR   wandb-upload_0:4000 [internal_api.py:execute():370] {"errors":[{"message":"run AD_FL/h68x0lii not found during createRunFiles","path":["createRunFiles"]}],"data":{"createRunFiles":null}}
2023-09-26 12:06:33,413 ERROR   Thread-11 (_thread_body):4000 [step_upload.py:_handle_event():200] Failed to upload file: C:\Users\User\PycharmProjects\FL_AD\src\server\wandb\run-20230926_115442-h68x0lii\files\conda-environment.yaml
Traceback (most recent call last):
  File "C:\Users\User\.conda\envs\Federate_learning_project\lib\site-packages\wandb\sdk\internal\internal_api.py", line 366, in execute
    return self.client.execute(*args, **kwargs)  # type: ignore
  File "C:\Users\User\.conda\envs\Federate_learning_project\lib\site-packages\wandb\vendor\gql-0.2.0\wandb_gql\client.py", line 52, in execute
    result = self._get_result(document, *args, **kwargs)
  File "C:\Users\User\.conda\envs\Federate_learning_project\lib\site-packages\wandb\vendor\gql-0.2.0\wandb_gql\client.py", line 60, in _get_result
    return self.transport.execute(document, *args, **kwargs)
  File "C:\Users\User\.conda\envs\Federate_learning_project\lib\site-packages\wandb\sdk\lib\gql_request.py", line 59, in execute
    request.raise_for_status()
  File "C:\Users\User\.conda\envs\Federate_learning_project\lib\site-packages\requests\models.py", line 1021, in raise_for_status
    raise HTTPError(http_error_msg, response=self)
requests.exceptions.HTTPError: 404 Client Error: Not Found for url: https://api.wandb.ai/graphql

During handling of the above exception, another exception occurred:

Traceback (most recent call last):
  File "C:\Users\User\.conda\envs\Federate_learning_project\lib\site-packages\wandb\apis\normalize.py", line 41, in wrapper
    return func(*args, **kwargs)
  File "C:\Users\User\.conda\envs\Federate_learning_project\lib\site-packages\wandb\sdk\internal\internal_api.py", line 2175, in upload_urls
    query_result = self.gql(
  File "C:\Users\User\.conda\envs\Federate_learning_project\lib\site-packages\wandb\sdk\internal\internal_api.py", line 338, in gql
    ret = self._retry_gql(
  File "C:\Users\User\.conda\envs\Federate_learning_project\lib\site-packages\wandb\sdk\lib\retry.py", line 131, in __call__
    result = self._call_fn(*args, **kwargs)
  File "C:\Users\User\.conda\envs\Federate_learning_project\lib\site-packages\wandb\sdk\internal\internal_api.py", line 372, in execute
    wandb.termerror(f"Error while calling W&B API: {error} ({response})")
  File "C:\Users\User\.conda\envs\Federate_learning_project\lib\site-packages\wandb\errors\term.py", line 61, in termerror
    _log(
  File "C:\Users\User\.conda\envs\Federate_learning_project\lib\site-packages\wandb\errors\term.py", line 95, in _log
    click.echo(line, file=sys.stderr, nl=newline)
  File "C:\Users\User\.conda\envs\Federate_learning_project\lib\site-packages\click\utils.py", line 318, in echo
    file.write(out)  # type: ignore
OSError: [Errno 22] Invalid argument

During handling of the above exception, another exception occurred:

Traceback (most recent call last):
  File "C:\Users\User\.conda\envs\Federate_learning_project\lib\concurrent\futures\thread.py", line 58, in run
    result = self.fn(*self.args, **self.kwargs)
  File "C:\Users\User\.conda\envs\Federate_learning_project\lib\site-packages\wandb\filesync\step_upload.py", line 288, in run_and_notify
    self._do_upload_sync(event)
  File "C:\Users\User\.conda\envs\Federate_learning_project\lib\site-packages\wandb\filesync\step_upload.py", line 330, in _do_upload_sync
    job.run()
  File "C:\Users\User\.conda\envs\Federate_learning_project\lib\site-packages\wandb\filesync\upload_job.py", line 57, in run
    self.push()
  File "C:\Users\User\.conda\envs\Federate_learning_project\lib\site-packages\wandb\filesync\upload_job.py", line 106, in push
    _, upload_headers, result = self._api.upload_urls(project, [self.save_name])
  File "C:\Users\User\.conda\envs\Federate_learning_project\lib\site-packages\wandb\apis\normalize.py", line 87, in wrapper
    raise CommError(message, err).with_traceback(sys.exc_info()[2])
  File "C:\Users\User\.conda\envs\Federate_learning_project\lib\site-packages\wandb\apis\normalize.py", line 41, in wrapper
    return func(*args, **kwargs)
  File "C:\Users\User\.conda\envs\Federate_learning_project\lib\site-packages\wandb\sdk\internal\internal_api.py", line 2175, in upload_urls
    query_result = self.gql(
  File "C:\Users\User\.conda\envs\Federate_learning_project\lib\site-packages\wandb\sdk\internal\internal_api.py", line 338, in gql
    ret = self._retry_gql(
  File "C:\Users\User\.conda\envs\Federate_learning_project\lib\site-packages\wandb\sdk\lib\retry.py", line 131, in __call__
    result = self._call_fn(*args, **kwargs)
  File "C:\Users\User\.conda\envs\Federate_learning_project\lib\site-packages\wandb\sdk\internal\internal_api.py", line 372, in execute
    wandb.termerror(f"Error while calling W&B API: {error} ({response})")
  File "C:\Users\User\.conda\envs\Federate_learning_project\lib\site-packages\wandb\errors\term.py", line 61, in termerror
    _log(
  File "C:\Users\User\.conda\envs\Federate_learning_project\lib\site-packages\wandb\errors\term.py", line 95, in _log
    click.echo(line, file=sys.stderr, nl=newline)
  File "C:\Users\User\.conda\envs\Federate_learning_project\lib\site-packages\click\utils.py", line 318, in echo
    file.write(out)  # type: ignore
wandb.errors.CommError: [Errno 22] Invalid argument
2023-09-26 12:06:34,213 ERROR   wandb-upload_2:4000 [internal_api.py:execute():369] 404 response executing GraphQL.
2023-09-26 12:06:34,213 ERROR   wandb-upload_2:4000 [internal_api.py:execute():370] {"errors":[{"message":"run AD_FL/h68x0lii not found during createRunFiles","path":["createRunFiles"]}],"data":{"createRunFiles":null}}
2023-09-26 12:06:34,213 ERROR   Thread-11 (_thread_body):4000 [step_upload.py:_handle_event():200] Failed to upload file: C:\Users\User\PycharmProjects\FL_AD\src\server\wandb\run-20230926_115442-h68x0lii\files\requirements.txt
Traceback (most recent call last):
  File "C:\Users\User\.conda\envs\Federate_learning_project\lib\site-packages\wandb\sdk\internal\internal_api.py", line 366, in execute
    return self.client.execute(*args, **kwargs)  # type: ignore
  File "C:\Users\User\.conda\envs\Federate_learning_project\lib\site-packages\wandb\vendor\gql-0.2.0\wandb_gql\client.py", line 52, in execute
    result = self._get_result(document, *args, **kwargs)
  File "C:\Users\User\.conda\envs\Federate_learning_project\lib\site-packages\wandb\vendor\gql-0.2.0\wandb_gql\client.py", line 60, in _get_result
    return self.transport.execute(document, *args, **kwargs)
  File "C:\Users\User\.conda\envs\Federate_learning_project\lib\site-packages\wandb\sdk\lib\gql_request.py", line 59, in execute
    request.raise_for_status()
  File "C:\Users\User\.conda\envs\Federate_learning_project\lib\site-packages\requests\models.py", line 1021, in raise_for_status
    raise HTTPError(http_error_msg, response=self)
requests.exceptions.HTTPError: 404 Client Error: Not Found for url: https://api.wandb.ai/graphql

During handling of the above exception, another exception occurred:

Traceback (most recent call last):
  File "C:\Users\User\.conda\envs\Federate_learning_project\lib\site-packages\wandb\apis\normalize.py", line 41, in wrapper
    return func(*args, **kwargs)
  File "C:\Users\User\.conda\envs\Federate_learning_project\lib\site-packages\wandb\sdk\internal\internal_api.py", line 2175, in upload_urls
    query_result = self.gql(
  File "C:\Users\User\.conda\envs\Federate_learning_project\lib\site-packages\wandb\sdk\internal\internal_api.py", line 338, in gql
    ret = self._retry_gql(
  File "C:\Users\User\.conda\envs\Federate_learning_project\lib\site-packages\wandb\sdk\lib\retry.py", line 131, in __call__
    result = self._call_fn(*args, **kwargs)
  File "C:\Users\User\.conda\envs\Federate_learning_project\lib\site-packages\wandb\sdk\internal\internal_api.py", line 372, in execute
    wandb.termerror(f"Error while calling W&B API: {error} ({response})")
  File "C:\Users\User\.conda\envs\Federate_learning_project\lib\site-packages\wandb\errors\term.py", line 61, in termerror
    _log(
  File "C:\Users\User\.conda\envs\Federate_learning_project\lib\site-packages\wandb\errors\term.py", line 95, in _log
    click.echo(line, file=sys.stderr, nl=newline)
  File "C:\Users\User\.conda\envs\Federate_learning_project\lib\site-packages\click\utils.py", line 318, in echo
    file.write(out)  # type: ignore
OSError: [Errno 22] Invalid argument

During handling of the above exception, another exception occurred:

Traceback (most recent call last):
  File "C:\Users\User\.conda\envs\Federate_learning_project\lib\concurrent\futures\thread.py", line 58, in run
    result = self.fn(*self.args, **self.kwargs)
  File "C:\Users\User\.conda\envs\Federate_learning_project\lib\site-packages\wandb\filesync\step_upload.py", line 288, in run_and_notify
    self._do_upload_sync(event)
  File "C:\Users\User\.conda\envs\Federate_learning_project\lib\site-packages\wandb\filesync\step_upload.py", line 330, in _do_upload_sync
    job.run()
  File "C:\Users\User\.conda\envs\Federate_learning_project\lib\site-packages\wandb\filesync\upload_job.py", line 57, in run
    self.push()
  File "C:\Users\User\.conda\envs\Federate_learning_project\lib\site-packages\wandb\filesync\upload_job.py", line 106, in push
    _, upload_headers, result = self._api.upload_urls(project, [self.save_name])
  File "C:\Users\User\.conda\envs\Federate_learning_project\lib\site-packages\wandb\apis\normalize.py", line 87, in wrapper
    raise CommError(message, err).with_traceback(sys.exc_info()[2])
  File "C:\Users\User\.conda\envs\Federate_learning_project\lib\site-packages\wandb\apis\normalize.py", line 41, in wrapper
    return func(*args, **kwargs)
  File "C:\Users\User\.conda\envs\Federate_learning_project\lib\site-packages\wandb\sdk\internal\internal_api.py", line 2175, in upload_urls
    query_result = self.gql(
  File "C:\Users\User\.conda\envs\Federate_learning_project\lib\site-packages\wandb\sdk\internal\internal_api.py", line 338, in gql
    ret = self._retry_gql(
  File "C:\Users\User\.conda\envs\Federate_learning_project\lib\site-packages\wandb\sdk\lib\retry.py", line 131, in __call__
    result = self._call_fn(*args, **kwargs)
  File "C:\Users\User\.conda\envs\Federate_learning_project\lib\site-packages\wandb\sdk\internal\internal_api.py", line 372, in execute
    wandb.termerror(f"Error while calling W&B API: {error} ({response})")
  File "C:\Users\User\.conda\envs\Federate_learning_project\lib\site-packages\wandb\errors\term.py", line 61, in termerror
    _log(
  File "C:\Users\User\.conda\envs\Federate_learning_project\lib\site-packages\wandb\errors\term.py", line 95, in _log
    click.echo(line, file=sys.stderr, nl=newline)
  File "C:\Users\User\.conda\envs\Federate_learning_project\lib\site-packages\click\utils.py", line 318, in echo
    file.write(out)  # type: ignore
wandb.errors.CommError: [Errno 22] Invalid argument
2023-09-26 12:06:34,272 ERROR   wandb-upload_1:4000 [internal_api.py:execute():369] 404 response executing GraphQL.
2023-09-26 12:06:34,272 ERROR   wandb-upload_1:4000 [internal_api.py:execute():370] {"errors":[{"message":"run AD_FL/h68x0lii not found during createRunFiles","path":["createRunFiles"]}],"data":{"createRunFiles":null}}
2023-09-26 12:06:34,273 ERROR   Thread-11 (_thread_body):4000 [step_upload.py:_handle_event():200] Failed to upload file: C:\Users\User\PycharmProjects\FL_AD\src\server\wandb\run-20230926_115442-h68x0lii\files\config.yaml
Traceback (most recent call last):
  File "C:\Users\User\.conda\envs\Federate_learning_project\lib\site-packages\wandb\sdk\internal\internal_api.py", line 366, in execute
    return self.client.execute(*args, **kwargs)  # type: ignore
  File "C:\Users\User\.conda\envs\Federate_learning_project\lib\site-packages\wandb\vendor\gql-0.2.0\wandb_gql\client.py", line 52, in execute
    result = self._get_result(document, *args, **kwargs)
  File "C:\Users\User\.conda\envs\Federate_learning_project\lib\site-packages\wandb\vendor\gql-0.2.0\wandb_gql\client.py", line 60, in _get_result
    return self.transport.execute(document, *args, **kwargs)
  File "C:\Users\User\.conda\envs\Federate_learning_project\lib\site-packages\wandb\sdk\lib\gql_request.py", line 59, in execute
    request.raise_for_status()
  File "C:\Users\User\.conda\envs\Federate_learning_project\lib\site-packages\requests\models.py", line 1021, in raise_for_status
    raise HTTPError(http_error_msg, response=self)
requests.exceptions.HTTPError: 404 Client Error: Not Found for url: https://api.wandb.ai/graphql

During handling of the above exception, another exception occurred:

Traceback (most recent call last):
  File "C:\Users\User\.conda\envs\Federate_learning_project\lib\site-packages\wandb\apis\normalize.py", line 41, in wrapper
    return func(*args, **kwargs)
  File "C:\Users\User\.conda\envs\Federate_learning_project\lib\site-packages\wandb\sdk\internal\internal_api.py", line 2175, in upload_urls
    query_result = self.gql(
  File "C:\Users\User\.conda\envs\Federate_learning_project\lib\site-packages\wandb\sdk\internal\internal_api.py", line 338, in gql
    ret = self._retry_gql(
  File "C:\Users\User\.conda\envs\Federate_learning_project\lib\site-packages\wandb\sdk\lib\retry.py", line 131, in __call__
    result = self._call_fn(*args, **kwargs)
  File "C:\Users\User\.conda\envs\Federate_learning_project\lib\site-packages\wandb\sdk\internal\internal_api.py", line 372, in execute
    wandb.termerror(f"Error while calling W&B API: {error} ({response})")
  File "C:\Users\User\.conda\envs\Federate_learning_project\lib\site-packages\wandb\errors\term.py", line 61, in termerror
    _log(
  File "C:\Users\User\.conda\envs\Federate_learning_project\lib\site-packages\wandb\errors\term.py", line 95, in _log
    click.echo(line, file=sys.stderr, nl=newline)
  File "C:\Users\User\.conda\envs\Federate_learning_project\lib\site-packages\click\utils.py", line 318, in echo
    file.write(out)  # type: ignore
OSError: [Errno 22] Invalid argument

During handling of the above exception, another exception occurred:

Traceback (most recent call last):
  File "C:\Users\User\.conda\envs\Federate_learning_project\lib\concurrent\futures\thread.py", line 58, in run
    result = self.fn(*self.args, **self.kwargs)
  File "C:\Users\User\.conda\envs\Federate_learning_project\lib\site-packages\wandb\filesync\step_upload.py", line 288, in run_and_notify
    self._do_upload_sync(event)
  File "C:\Users\User\.conda\envs\Federate_learning_project\lib\site-packages\wandb\filesync\step_upload.py", line 330, in _do_upload_sync
    job.run()
  File "C:\Users\User\.conda\envs\Federate_learning_project\lib\site-packages\wandb\filesync\upload_job.py", line 57, in run
    self.push()
  File "C:\Users\User\.conda\envs\Federate_learning_project\lib\site-packages\wandb\filesync\upload_job.py", line 106, in push
    _, upload_headers, result = self._api.upload_urls(project, [self.save_name])
  File "C:\Users\User\.conda\envs\Federate_learning_project\lib\site-packages\wandb\apis\normalize.py", line 87, in wrapper
    raise CommError(message, err).with_traceback(sys.exc_info()[2])
  File "C:\Users\User\.conda\envs\Federate_learning_project\lib\site-packages\wandb\apis\normalize.py", line 41, in wrapper
    return func(*args, **kwargs)
  File "C:\Users\User\.conda\envs\Federate_learning_project\lib\site-packages\wandb\sdk\internal\internal_api.py", line 2175, in upload_urls
    query_result = self.gql(
  File "C:\Users\User\.conda\envs\Federate_learning_project\lib\site-packages\wandb\sdk\internal\internal_api.py", line 338, in gql
    ret = self._retry_gql(
  File "C:\Users\User\.conda\envs\Federate_learning_project\lib\site-packages\wandb\sdk\lib\retry.py", line 131, in __call__
    result = self._call_fn(*args, **kwargs)
  File "C:\Users\User\.conda\envs\Federate_learning_project\lib\site-packages\wandb\sdk\internal\internal_api.py", line 372, in execute
    wandb.termerror(f"Error while calling W&B API: {error} ({response})")
  File "C:\Users\User\.conda\envs\Federate_learning_project\lib\site-packages\wandb\errors\term.py", line 61, in termerror
    _log(
  File "C:\Users\User\.conda\envs\Federate_learning_project\lib\site-packages\wandb\errors\term.py", line 95, in _log
    click.echo(line, file=sys.stderr, nl=newline)
  File "C:\Users\User\.conda\envs\Federate_learning_project\lib\site-packages\click\utils.py", line 318, in echo
    file.write(out)  # type: ignore
wandb.errors.CommError: [Errno 22] Invalid argument
2023-09-26 12:06:34,733 ERROR   wandb-upload_3:4000 [internal_api.py:execute():369] 404 response executing GraphQL.
2023-09-26 12:06:34,733 ERROR   wandb-upload_3:4000 [internal_api.py:execute():370] {"errors":[{"message":"run AD_FL/h68x0lii not found during createRunFiles","path":["createRunFiles"]}],"data":{"createRunFiles":null}}
2023-09-26 12:06:34,734 INFO    MainThread:4000 [internal.py:handle_exit():76] Internal process exited
2023-09-26 12:06:34,734 ERROR   Thread-11 (_thread_body):4000 [step_upload.py:_handle_event():200] Failed to upload file: C:\Users\User\PycharmProjects\FL_AD\src\server\wandb\run-20230926_115442-h68x0lii\files\wandb-summary.json
Traceback (most recent call last):
  File "C:\Users\User\.conda\envs\Federate_learning_project\lib\site-packages\wandb\sdk\internal\internal_api.py", line 366, in execute
    return self.client.execute(*args, **kwargs)  # type: ignore
  File "C:\Users\User\.conda\envs\Federate_learning_project\lib\site-packages\wandb\vendor\gql-0.2.0\wandb_gql\client.py", line 52, in execute
    result = self._get_result(document, *args, **kwargs)
  File "C:\Users\User\.conda\envs\Federate_learning_project\lib\site-packages\wandb\vendor\gql-0.2.0\wandb_gql\client.py", line 60, in _get_result
    return self.transport.execute(document, *args, **kwargs)
  File "C:\Users\User\.conda\envs\Federate_learning_project\lib\site-packages\wandb\sdk\lib\gql_request.py", line 59, in execute
    request.raise_for_status()
  File "C:\Users\User\.conda\envs\Federate_learning_project\lib\site-packages\requests\models.py", line 1021, in raise_for_status
    raise HTTPError(http_error_msg, response=self)
requests.exceptions.HTTPError: 404 Client Error: Not Found for url: https://api.wandb.ai/graphql

During handling of the above exception, another exception occurred:

Traceback (most recent call last):
  File "C:\Users\User\.conda\envs\Federate_learning_project\lib\site-packages\wandb\apis\normalize.py", line 41, in wrapper
    return func(*args, **kwargs)
  File "C:\Users\User\.conda\envs\Federate_learning_project\lib\site-packages\wandb\sdk\internal\internal_api.py", line 2175, in upload_urls
    query_result = self.gql(
  File "C:\Users\User\.conda\envs\Federate_learning_project\lib\site-packages\wandb\sdk\internal\internal_api.py", line 338, in gql
    ret = self._retry_gql(
  File "C:\Users\User\.conda\envs\Federate_learning_project\lib\site-packages\wandb\sdk\lib\retry.py", line 131, in __call__
    result = self._call_fn(*args, **kwargs)
  File "C:\Users\User\.conda\envs\Federate_learning_project\lib\site-packages\wandb\sdk\internal\internal_api.py", line 372, in execute
    wandb.termerror(f"Error while calling W&B API: {error} ({response})")
  File "C:\Users\User\.conda\envs\Federate_learning_project\lib\site-packages\wandb\errors\term.py", line 61, in termerror
    _log(
  File "C:\Users\User\.conda\envs\Federate_learning_project\lib\site-packages\wandb\errors\term.py", line 95, in _log
    click.echo(line, file=sys.stderr, nl=newline)
  File "C:\Users\User\.conda\envs\Federate_learning_project\lib\site-packages\click\utils.py", line 318, in echo
    file.write(out)  # type: ignore
OSError: [Errno 22] Invalid argument

During handling of the above exception, another exception occurred:

Traceback (most recent call last):
  File "C:\Users\User\.conda\envs\Federate_learning_project\lib\concurrent\futures\thread.py", line 58, in run
    result = self.fn(*self.args, **self.kwargs)
  File "C:\Users\User\.conda\envs\Federate_learning_project\lib\site-packages\wandb\filesync\step_upload.py", line 288, in run_and_notify
    self._do_upload_sync(event)
  File "C:\Users\User\.conda\envs\Federate_learning_project\lib\site-packages\wandb\filesync\step_upload.py", line 330, in _do_upload_sync
    job.run()
  File "C:\Users\User\.conda\envs\Federate_learning_project\lib\site-packages\wandb\filesync\upload_job.py", line 57, in run
    self.push()
  File "C:\Users\User\.conda\envs\Federate_learning_project\lib\site-packages\wandb\filesync\upload_job.py", line 106, in push
    _, upload_headers, result = self._api.upload_urls(project, [self.save_name])
  File "C:\Users\User\.conda\envs\Federate_learning_project\lib\site-packages\wandb\apis\normalize.py", line 87, in wrapper
    raise CommError(message, err).with_traceback(sys.exc_info()[2])
  File "C:\Users\User\.conda\envs\Federate_learning_project\lib\site-packages\wandb\apis\normalize.py", line 41, in wrapper
    return func(*args, **kwargs)
  File "C:\Users\User\.conda\envs\Federate_learning_project\lib\site-packages\wandb\sdk\internal\internal_api.py", line 2175, in upload_urls
    query_result = self.gql(
  File "C:\Users\User\.conda\envs\Federate_learning_project\lib\site-packages\wandb\sdk\internal\internal_api.py", line 338, in gql
    ret = self._retry_gql(
  File "C:\Users\User\.conda\envs\Federate_learning_project\lib\site-packages\wandb\sdk\lib\retry.py", line 131, in __call__
    result = self._call_fn(*args, **kwargs)
  File "C:\Users\User\.conda\envs\Federate_learning_project\lib\site-packages\wandb\sdk\internal\internal_api.py", line 372, in execute
    wandb.termerror(f"Error while calling W&B API: {error} ({response})")
  File "C:\Users\User\.conda\envs\Federate_learning_project\lib\site-packages\wandb\errors\term.py", line 61, in termerror
    _log(
  File "C:\Users\User\.conda\envs\Federate_learning_project\lib\site-packages\wandb\errors\term.py", line 95, in _log
    click.echo(line, file=sys.stderr, nl=newline)
  File "C:\Users\User\.conda\envs\Federate_learning_project\lib\site-packages\click\utils.py", line 318, in echo
    file.write(out)  # type: ignore
wandb.errors.CommError: [Errno 22] Invalid argument
2023-09-26 12:06:35,149 INFO    SenderThread:4000 [file_stream.py:finish():595] file stream finish called
